#! c:/iverilog-x64/bin/vvp
:ivl_version "10.1 (stable)" "(v10_1_1)";
:ivl_delay_selection "TYPICAL";
:vpi_time_precision - 10;
:vpi_module "system";
:vpi_module "vhdl_sys";
:vpi_module "v2005_math";
:vpi_module "va_math";
S_00000000006ffbf0 .scope module, "DFF" "DFF" 2 98;
 .timescale -9 -10;
    .port_info 0 /INPUT 1 "clk"
    .port_info 1 /INPUT 1 "in"
    .port_info 2 /OUTPUT 1 "out"
P_00000000007305b0 .param/l "n" 0 2 99, +C4<00000000000000000000000000000001>;
o0000000002640088 .functor BUFZ 1, C4<z>; HiZ drive
v0000000000743d20_0 .net "clk", 0 0, o0000000002640088;  0 drivers
o00000000026400b8 .functor BUFZ 1, C4<z>; HiZ drive
v0000000000743dc0_0 .net "in", 0 0, o00000000026400b8;  0 drivers
v0000000000743e60_0 .var "out", 0 0;
E_0000000000754ef0 .event negedge, v0000000000743d20_0;
S_000000000075f3d0 .scope module, "HalfAdder" "HalfAdder" 3 135;
 .timescale -9 -10;
    .port_info 0 /INPUT 1 "A"
    .port_info 1 /INPUT 1 "B"
    .port_info 2 /INPUT 1 "Cin"
    .port_info 3 /OUTPUT 1 "Cout"
    .port_info 4 /OUTPUT 1 "Y"
o00000000026401a8 .functor BUFZ 1, C4<z>; HiZ drive
o00000000026401d8 .functor BUFZ 1, C4<z>; HiZ drive
o0000000002640208 .functor BUFZ 1, C4<z>; HiZ drive
L_000000000070af70 .functor XOR 1, o00000000026401a8, o00000000026401d8, o0000000002640208, C4<0>;
L_000000000070ab10 .functor AND 1, o00000000026401a8, o00000000026401d8, C4<1>, C4<1>;
L_000000000073feb0 .functor AND 1, o00000000026401a8, o0000000002640208, C4<1>, C4<1>;
L_000000000073ff20 .functor AND 1, o00000000026401d8, o0000000002640208, C4<1>, C4<1>;
L_000000000073ff90 .functor OR 1, L_000000000070ab10, L_000000000073feb0, L_000000000073ff20, C4<0>;
v0000000000743f00_0 .net "A", 0 0, o00000000026401a8;  0 drivers
v0000000000743fa0_0 .net "B", 0 0, o00000000026401d8;  0 drivers
v0000000000744040_0 .net "Cin", 0 0, o0000000002640208;  0 drivers
v00000000007440e0_0 .net "Cout", 0 0, L_000000000073ff90;  1 drivers
v0000000000744180_0 .net "Y", 0 0, L_000000000070af70;  1 drivers
v0000000000744220_0 .net "o1", 0 0, L_000000000070ab10;  1 drivers
v00000000007442c0_0 .net "o2", 0 0, L_000000000073feb0;  1 drivers
v0000000000744360_0 .net "o3", 0 0, L_000000000073ff20;  1 drivers
S_000000000075fb80 .scope module, "IP_tb" "IP_tb" 4 6;
 .timescale -9 -10;
P_000000000075e1f0 .param/l "PAT" 0 4 14, +C4<00000000000000000000010000000010>;
P_000000000075e228 .param/l "cyc" 0 4 8, +C4<00000000000000000000000000011000>;
P_000000000075e260 .param/l "dataWidth" 0 4 10, +C4<00000000000000000000000000100000>;
P_000000000075e298 .param/l "memWidth" 0 4 11, +C4<00000000000000000000000000001010>;
v0000000002675be0_0 .net "Addr", 9 0, v000000000077e020_0;  1 drivers
v0000000002675c80_0 .var "Data", 31 0;
v0000000002675d20_0 .net "En", 0 0, v000000000077e340_0;  1 drivers
v0000000002675dc0_0 .net "Finish", 0 0, v000000000077e480_0;  1 drivers
v0000000002675e60_0 .net "Result", 31 0, v000000000077e5c0_0;  1 drivers
v0000000002675f00_0 .var "Start", 0 0;
v0000000002675fa0_0 .var "clk", 0 0;
v0000000002676040 .array "dataROM", 1025 0, 31 0;
v00000000026760e0_0 .var "maxSize", 9 0;
v0000000002676180_0 .var "rst_n", 0 0;
S_000000000075fd00 .scope module, "vip" "VIP" 4 26, 2 1 0, S_000000000075fb80;
 .timescale -9 -10;
    .port_info 0 /INPUT 1 "clk"
    .port_info 1 /INPUT 1 "rst_n"
    .port_info 2 /INPUT 1 "Start"
    .port_info 3 /INPUT 32 "Data"
    .port_info 4 /OUTPUT 10 "Addr"
    .port_info 5 /OUTPUT 32 "Result"
    .port_info 6 /OUTPUT 1 "Finish"
    .port_info 7 /OUTPUT 1 "En"
P_0000000000724300 .param/l "ADD" 0 2 38, C4<11>;
P_0000000000724338 .param/l "IDLE" 0 2 35, C4<00>;
P_0000000000724370 .param/l "MUL" 0 2 37, C4<10>;
P_00000000007243a8 .param/l "X_0" 0 2 36, C4<01>;
P_00000000007243e0 .param/l "dataWidth" 0 2 4, +C4<00000000000000000000000000100000>;
P_0000000000724418 .param/l "memWidth" 0 2 3, +C4<00000000000000000000000000001010>;
v000000000077df80_0 .net "A", 31 0, L_00000000026762c0;  1 drivers
v000000000077e020_0 .var "Addr", 9 0;
v000000000077e0c0_0 .net "B", 31 0, L_0000000002676400;  1 drivers
v000000000077e160_0 .net "C", 0 0, v00000000007451c0_0;  1 drivers
o00000000026408f8 .functor BUFZ 1, C4<z>; HiZ drive
v000000000077e200_0 .net "Cin", 0 0, o00000000026408f8;  0 drivers
v000000000077e2a0_0 .net "Data", 31 0, v0000000002675c80_0;  1 drivers
v000000000077e340_0 .var "En", 0 0;
v000000000077e3e0_0 .net "FS", 3 0, L_0000000002676540;  1 drivers
v000000000077e480_0 .var "Finish", 0 0;
v000000000077e520_0 .net "N", 0 0, v0000000000745440_0;  1 drivers
v000000000077e5c0_0 .var "Result", 31 0;
v000000000077e660_0 .net "Start", 0 0, v0000000002675f00_0;  1 drivers
v000000000077e700_0 .net "V", 0 0, v00000000007454e0_0;  1 drivers
v000000000077e7a0_0 .net "Y", 31 0, v0000000000745580_0;  1 drivers
v000000000077e840_0 .net "Z", 0 0, v00000000007456c0_0;  1 drivers
L_0000000002677898 .functor BUFT 1, C4<10>, C4<0>, C4<0>, C4<0>;
v000000000077e8e0_0 .net/2u *"_s0", 1 0, L_0000000002677898;  1 drivers
L_0000000002677928 .functor BUFT 1, C4<10>, C4<0>, C4<0>, C4<0>;
v000000000077e980_0 .net/2u *"_s12", 1 0, L_0000000002677928;  1 drivers
v000000000077ea20_0 .net *"_s14", 0 0, L_00000000026764a0;  1 drivers
L_0000000002677970 .functor BUFT 1, C4<1000>, C4<0>, C4<0>, C4<0>;
v000000000077eac0_0 .net/2u *"_s16", 3 0, L_0000000002677970;  1 drivers
L_00000000026779b8 .functor BUFT 1, C4<0100>, C4<0>, C4<0>, C4<0>;
v000000000077eb60_0 .net/2u *"_s18", 3 0, L_00000000026779b8;  1 drivers
v000000000077ec00_0 .net *"_s2", 0 0, L_0000000002676220;  1 drivers
L_00000000026778e0 .functor BUFT 1, C4<10>, C4<0>, C4<0>, C4<0>;
v000000000077eca0_0 .net/2u *"_s6", 1 0, L_00000000026778e0;  1 drivers
v000000000077ed40_0 .net *"_s8", 0 0, L_0000000002676360;  1 drivers
v000000000077ede0_0 .var "amt", 31 0;
v000000000077ee80_0 .net "clk", 0 0, v0000000002675fa0_0;  1 drivers
v000000000077ef20_0 .var "nextAmt", 31 0;
v000000000077efc0_0 .var "nextRomX", 31 0;
v000000000077f060_0 .var "nextState", 1 0;
v000000000077f100_0 .var "nextSum", 31 0;
v000000000077f1a0_0 .var "prevAddr", 9 0;
v00000000026758c0_0 .var "prevResult", 31 0;
v0000000002675960_0 .var "romX", 31 0;
v0000000002675a00_0 .net "rst_n", 0 0, v0000000002676180_0;  1 drivers
v0000000002675aa0_0 .var "state", 1 0;
v0000000002675b40_0 .var "sum", 31 0;
E_0000000000754f30 .event posedge, v000000000077ee80_0;
E_0000000000754f70 .event negedge, v0000000002675a00_0;
E_0000000000754fb0 .event negedge, v000000000077ee80_0;
L_0000000002676220 .cmp/eq 2, v0000000002675aa0_0, L_0000000002677898;
L_00000000026762c0 .functor MUXZ 32, v0000000002675b40_0, v0000000002675960_0, L_0000000002676220, C4<>;
L_0000000002676360 .cmp/eq 2, v0000000002675aa0_0, L_00000000026778e0;
L_0000000002676400 .functor MUXZ 32, v00000000026758c0_0, v0000000002675c80_0, L_0000000002676360, C4<>;
L_00000000026764a0 .cmp/eq 2, v0000000002675aa0_0, L_0000000002677928;
L_0000000002676540 .functor MUXZ 4, L_00000000026779b8, L_0000000002677970, L_00000000026764a0, C4<>;
S_0000000000724460 .scope module, "AddMul" "ALU" 2 47, 3 1 0, S_000000000075fd00;
 .timescale -9 -10;
    .port_info 0 /INPUT 32 "A"
    .port_info 1 /INPUT 32 "B"
    .port_info 2 /INPUT 1 "Cin"
    .port_info 3 /INPUT 4 "FS"
    .port_info 4 /OUTPUT 32 "Y"
    .port_info 5 /OUTPUT 1 "N"
    .port_info 6 /OUTPUT 1 "C"
    .port_info 7 /OUTPUT 1 "V"
    .port_info 8 /OUTPUT 1 "Z"
P_0000000000754ff0 .param/l "n" 0 3 2, +C4<00000000000000000000000000100000>;
L_0000000000740460 .functor OR 1, L_0000000002676fe0, L_0000000002677080, C4<0>, C4<0>;
v0000000000745080_0 .net "A", 31 0, L_00000000026762c0;  alias, 1 drivers
v0000000000745120_0 .net "B", 31 0, L_0000000002676400;  alias, 1 drivers
v00000000007451c0_0 .var "C", 0 0;
v0000000000745260_0 .net "Cin", 0 0, o00000000026408f8;  alias, 0 drivers
v0000000000745300_0 .net "Cout", 0 0, L_0000000002676e00;  1 drivers
v00000000007453a0_0 .net "FS", 3 0, L_0000000002676540;  alias, 1 drivers
v0000000000745440_0 .var "N", 0 0;
v00000000007454e0_0 .var "V", 0 0;
v0000000000745580_0 .var "Y", 31 0;
v0000000000745620_0 .net "Yt", 31 0, L_0000000000740150;  1 drivers
v00000000007456c0_0 .var "Z", 0 0;
v000000000077d300_0 .net *"_s12", 0 0, L_00000000026767c0;  1 drivers
v000000000077d3a0_0 .net *"_s13", 15 0, L_0000000002676860;  1 drivers
v000000000077d440_0 .net *"_s19", 0 0, L_00000000026769a0;  1 drivers
v000000000077d4e0_0 .net *"_s20", 15 0, L_0000000002676a40;  1 drivers
L_0000000002677a00 .functor BUFT 1, C4<0101>, C4<0>, C4<0>, C4<0>;
v000000000077d580_0 .net/2u *"_s22", 3 0, L_0000000002677a00;  1 drivers
v000000000077d620_0 .net *"_s24", 0 0, L_0000000002676ea0;  1 drivers
L_0000000002677a48 .functor BUFT 1, C4<0>, C4<0>, C4<0>, C4<0>;
v000000000077d6c0_0 .net/2u *"_s26", 0 0, L_0000000002677a48;  1 drivers
v000000000077d760_0 .net *"_s3", 15 0, L_00000000026765e0;  1 drivers
L_0000000002677a90 .functor BUFT 1, C4<0110>, C4<0>, C4<0>, C4<0>;
v000000000077d800_0 .net/2u *"_s30", 3 0, L_0000000002677a90;  1 drivers
v000000000077d8a0_0 .net *"_s32", 0 0, L_0000000002676fe0;  1 drivers
L_0000000002677ad8 .functor BUFT 1, C4<0111>, C4<0>, C4<0>, C4<0>;
v000000000077d940_0 .net/2u *"_s34", 3 0, L_0000000002677ad8;  1 drivers
v000000000077d9e0_0 .net *"_s36", 0 0, L_0000000002677080;  1 drivers
v000000000077da80_0 .net *"_s38", 0 0, L_0000000000740460;  1 drivers
L_0000000002677b20 .functor BUFT 1, C4<1>, C4<0>, C4<0>, C4<0>;
v000000000077db20_0 .net/2u *"_s40", 0 0, L_0000000002677b20;  1 drivers
L_0000000002677b68 .functor BUFT 1, C4<0>, C4<0>, C4<0>, C4<0>;
v000000000077dbc0_0 .net/2u *"_s42", 0 0, L_0000000002677b68;  1 drivers
v000000000077dc60_0 .net *"_s7", 15 0, L_0000000002676680;  1 drivers
v000000000077dd00_0 .net "cin", 0 0, L_0000000002676f40;  1 drivers
v000000000077dda0_0 .net "mode", 0 0, L_0000000002677120;  1 drivers
v000000000077de40_0 .net "tmpA", 31 0, L_0000000002676720;  1 drivers
v000000000077dee0_0 .net "tmpB", 31 0, L_0000000002676900;  1 drivers
E_0000000000755030/0 .event edge, v00000000007453a0_0, v00000000007444a0_0, v0000000000745580_0, v0000000000744860_0;
E_0000000000755030/1 .event edge, v000000000077de40_0, v000000000077dee0_0, v0000000000744540_0;
E_0000000000755030 .event/or E_0000000000755030/0, E_0000000000755030/1;
E_00000000007550b0/0 .event edge, v00000000007453a0_0, v00000000007444a0_0, v00000000007447c0_0, v0000000000744540_0;
E_00000000007550b0/1 .event edge, v0000000000744fe0_0, v0000000000745580_0;
E_00000000007550b0 .event/or E_00000000007550b0/0, E_00000000007550b0/1;
E_0000000000755130 .event edge, v0000000000745580_0, v00000000007453a0_0;
L_00000000026765e0 .part L_00000000026762c0, 0, 16;
L_0000000002676680 .part L_0000000002676400, 0, 16;
L_0000000002676720 .concat8 [ 16 16 0 0], L_00000000026765e0, L_0000000002676860;
L_00000000026767c0 .part L_00000000026762c0, 15, 1;
LS_0000000002676860_0_0 .concat [ 1 1 1 1], L_00000000026767c0, L_00000000026767c0, L_00000000026767c0, L_00000000026767c0;
LS_0000000002676860_0_4 .concat [ 1 1 1 1], L_00000000026767c0, L_00000000026767c0, L_00000000026767c0, L_00000000026767c0;
LS_0000000002676860_0_8 .concat [ 1 1 1 1], L_00000000026767c0, L_00000000026767c0, L_00000000026767c0, L_00000000026767c0;
LS_0000000002676860_0_12 .concat [ 1 1 1 1], L_00000000026767c0, L_00000000026767c0, L_00000000026767c0, L_00000000026767c0;
L_0000000002676860 .concat [ 4 4 4 4], LS_0000000002676860_0_0, LS_0000000002676860_0_4, LS_0000000002676860_0_8, LS_0000000002676860_0_12;
L_0000000002676900 .concat8 [ 16 16 0 0], L_0000000002676680, L_0000000002676a40;
L_00000000026769a0 .part L_0000000002676400, 15, 1;
LS_0000000002676a40_0_0 .concat [ 1 1 1 1], L_00000000026769a0, L_00000000026769a0, L_00000000026769a0, L_00000000026769a0;
LS_0000000002676a40_0_4 .concat [ 1 1 1 1], L_00000000026769a0, L_00000000026769a0, L_00000000026769a0, L_00000000026769a0;
LS_0000000002676a40_0_8 .concat [ 1 1 1 1], L_00000000026769a0, L_00000000026769a0, L_00000000026769a0, L_00000000026769a0;
LS_0000000002676a40_0_12 .concat [ 1 1 1 1], L_00000000026769a0, L_00000000026769a0, L_00000000026769a0, L_00000000026769a0;
L_0000000002676a40 .concat [ 4 4 4 4], LS_0000000002676a40_0_0, LS_0000000002676a40_0_4, LS_0000000002676a40_0_8, LS_0000000002676a40_0_12;
L_0000000002676ea0 .cmp/eq 4, L_0000000002676540, L_0000000002677a00;
L_0000000002676f40 .functor MUXZ 1, L_0000000002677a48, o00000000026408f8, L_0000000002676ea0, C4<>;
L_0000000002676fe0 .cmp/eq 4, L_0000000002676540, L_0000000002677a90;
L_0000000002677080 .cmp/eq 4, L_0000000002676540, L_0000000002677ad8;
L_0000000002677120 .functor MUXZ 1, L_0000000002677b68, L_0000000002677b20, L_0000000000740460, C4<>;
S_0000000000708450 .scope module, "AddSub" "AdderSubstractor" 3 21, 3 148 0, S_0000000000724460;
 .timescale -9 -10;
    .port_info 0 /INPUT 32 "A"
    .port_info 1 /INPUT 32 "B"
    .port_info 2 /INPUT 1 "Cin"
    .port_info 3 /INPUT 1 "mode"
    .port_info 4 /OUTPUT 1 "Cout"
    .port_info 5 /OUTPUT 32 "Y"
P_0000000000755170 .param/l "n" 0 3 149, +C4<00000000000000000000000000100000>;
L_0000000000740000 .functor OR 1, L_0000000002677120, L_0000000002676f40, C4<0>, C4<0>;
L_0000000000740070 .functor XOR 32, L_0000000002676400, L_0000000002676ae0, C4<00000000000000000000000000000000>, C4<00000000000000000000000000000000>;
L_00000000007400e0 .functor XOR 32, L_00000000026762c0, L_0000000000740070, C4<00000000000000000000000000000000>, C4<00000000000000000000000000000000>;
L_0000000000740150 .functor XOR 32, L_00000000007400e0, L_0000000002676b80, C4<00000000000000000000000000000000>, C4<00000000000000000000000000000000>;
L_00000000007401c0 .functor AND 32, L_00000000026762c0, L_0000000000740070, C4<11111111111111111111111111111111>, C4<11111111111111111111111111111111>;
L_0000000000740230 .functor AND 32, L_00000000026762c0, L_0000000002676cc0, C4<11111111111111111111111111111111>, C4<11111111111111111111111111111111>;
L_00000000007402a0 .functor OR 32, L_00000000007401c0, L_0000000000740230, C4<00000000000000000000000000000000>, C4<00000000000000000000000000000000>;
L_0000000000740310 .functor AND 32, L_0000000000740070, L_0000000002676d60, C4<11111111111111111111111111111111>, C4<11111111111111111111111111111111>;
L_0000000000740380 .functor OR 32, L_00000000007402a0, L_0000000000740310, C4<00000000000000000000000000000000>, C4<00000000000000000000000000000000>;
v00000000007444a0_0 .net "A", 31 0, L_00000000026762c0;  alias, 1 drivers
v0000000000744540_0 .net "B", 31 0, L_0000000002676400;  alias, 1 drivers
v00000000007445e0_0 .net "Bx", 31 0, L_0000000000740070;  1 drivers
v0000000000744680_0 .net "C", 32 0, L_0000000002676c20;  1 drivers
v0000000000744720_0 .net "Cin", 0 0, L_0000000002676f40;  alias, 1 drivers
v00000000007447c0_0 .net "Cout", 0 0, L_0000000002676e00;  alias, 1 drivers
v0000000000744860_0 .net "Y", 31 0, L_0000000000740150;  alias, 1 drivers
v0000000000744900_0 .net *"_s11", 31 0, L_0000000002676b80;  1 drivers
v00000000007449a0_0 .net *"_s17", 31 0, L_00000000007401c0;  1 drivers
v0000000000744a40_0 .net *"_s2", 0 0, L_0000000000740000;  1 drivers
v0000000000744ae0_0 .net *"_s20", 31 0, L_0000000002676cc0;  1 drivers
v0000000000744b80_0 .net *"_s21", 31 0, L_0000000000740230;  1 drivers
v0000000000744c20_0 .net *"_s23", 31 0, L_00000000007402a0;  1 drivers
v0000000000744cc0_0 .net *"_s26", 31 0, L_0000000002676d60;  1 drivers
v0000000000744d60_0 .net *"_s27", 31 0, L_0000000000740310;  1 drivers
v0000000000744e00_0 .net *"_s29", 31 0, L_0000000000740380;  1 drivers
v0000000000744ea0_0 .net *"_s4", 31 0, L_0000000002676ae0;  1 drivers
v0000000000744f40_0 .net *"_s8", 31 0, L_00000000007400e0;  1 drivers
v0000000000744fe0_0 .net "mode", 0 0, L_0000000002677120;  alias, 1 drivers
LS_0000000002676ae0_0_0 .concat [ 1 1 1 1], L_0000000002677120, L_0000000002677120, L_0000000002677120, L_0000000002677120;
LS_0000000002676ae0_0_4 .concat [ 1 1 1 1], L_0000000002677120, L_0000000002677120, L_0000000002677120, L_0000000002677120;
LS_0000000002676ae0_0_8 .concat [ 1 1 1 1], L_0000000002677120, L_0000000002677120, L_0000000002677120, L_0000000002677120;
LS_0000000002676ae0_0_12 .concat [ 1 1 1 1], L_0000000002677120, L_0000000002677120, L_0000000002677120, L_0000000002677120;
LS_0000000002676ae0_0_16 .concat [ 1 1 1 1], L_0000000002677120, L_0000000002677120, L_0000000002677120, L_0000000002677120;
LS_0000000002676ae0_0_20 .concat [ 1 1 1 1], L_0000000002677120, L_0000000002677120, L_0000000002677120, L_0000000002677120;
LS_0000000002676ae0_0_24 .concat [ 1 1 1 1], L_0000000002677120, L_0000000002677120, L_0000000002677120, L_0000000002677120;
LS_0000000002676ae0_0_28 .concat [ 1 1 1 1], L_0000000002677120, L_0000000002677120, L_0000000002677120, L_0000000002677120;
LS_0000000002676ae0_1_0 .concat [ 4 4 4 4], LS_0000000002676ae0_0_0, LS_0000000002676ae0_0_4, LS_0000000002676ae0_0_8, LS_0000000002676ae0_0_12;
LS_0000000002676ae0_1_4 .concat [ 4 4 4 4], LS_0000000002676ae0_0_16, LS_0000000002676ae0_0_20, LS_0000000002676ae0_0_24, LS_0000000002676ae0_0_28;
L_0000000002676ae0 .concat [ 16 16 0 0], LS_0000000002676ae0_1_0, LS_0000000002676ae0_1_4;
L_0000000002676b80 .part L_0000000002676c20, 0, 32;
L_0000000002676c20 .concat8 [ 1 32 0 0], L_0000000000740000, L_0000000000740380;
L_0000000002676cc0 .part L_0000000002676c20, 0, 32;
L_0000000002676d60 .part L_0000000002676c20, 0, 32;
L_0000000002676e00 .part L_0000000002676c20, 32, 1;
    .scope S_00000000006ffbf0;
T_0 ;
    %wait E_0000000000754ef0;
    %load/vec4 v0000000000743dc0_0;
    %store/vec4 v0000000000743e60_0, 0, 1;
    %jmp T_0;
    .thread T_0;
    .scope S_0000000000724460;
T_1 ;
    %wait E_0000000000755130;
    %load/vec4 v0000000000745580_0;
    %parti/s 1, 31, 6;
    %store/vec4 v0000000000745440_0, 0, 1;
    %load/vec4 v0000000000745580_0;
    %cmpi/e 0, 0, 32;
    %flag_mov 8, 4;
    %jmp/0 T_1.0, 8;
    %pushi/vec4 1, 0, 1;
    %jmp/1 T_1.1, 8;
T_1.0 ; End of true expr.
    %pushi/vec4 0, 0, 1;
    %jmp/0 T_1.1, 8;
 ; End of false expr.
    %blend;
T_1.1;
    %store/vec4 v00000000007456c0_0, 0, 1;
    %load/vec4 v00000000007453a0_0;
    %dup/vec4;
    %pushi/vec4 0, 0, 4;
    %cmp/u;
    %jmp/1 T_1.2, 6;
    %dup/vec4;
    %pushi/vec4 2, 0, 4;
    %cmp/u;
    %jmp/1 T_1.3, 6;
    %dup/vec4;
    %pushi/vec4 12, 0, 4;
    %cmp/u;
    %jmp/1 T_1.4, 6;
    %dup/vec4;
    %pushi/vec4 13, 0, 4;
    %cmp/u;
    %jmp/1 T_1.5, 6;
    %dup/vec4;
    %pushi/vec4 14, 0, 4;
    %cmp/u;
    %jmp/1 T_1.6, 6;
    %dup/vec4;
    %pushi/vec4 15, 0, 4;
    %cmp/u;
    %jmp/1 T_1.7, 6;
    %jmp T_1.8;
T_1.2 ;
    %pushi/vec4 0, 0, 1;
    %store/vec4 v0000000000745440_0, 0, 1;
    %pushi/vec4 0, 0, 1;
    %store/vec4 v00000000007456c0_0, 0, 1;
    %jmp T_1.8;
T_1.3 ;
    %pushi/vec4 0, 0, 1;
    %store/vec4 v0000000000745440_0, 0, 1;
    %pushi/vec4 0, 0, 1;
    %store/vec4 v00000000007456c0_0, 0, 1;
    %jmp T_1.8;
T_1.4 ;
    %pushi/vec4 0, 0, 1;
    %store/vec4 v0000000000745440_0, 0, 1;
    %pushi/vec4 0, 0, 1;
    %store/vec4 v00000000007456c0_0, 0, 1;
    %jmp T_1.8;
T_1.5 ;
    %pushi/vec4 0, 0, 1;
    %store/vec4 v0000000000745440_0, 0, 1;
    %pushi/vec4 0, 0, 1;
    %store/vec4 v00000000007456c0_0, 0, 1;
    %jmp T_1.8;
T_1.6 ;
    %pushi/vec4 0, 0, 1;
    %store/vec4 v0000000000745440_0, 0, 1;
    %pushi/vec4 0, 0, 1;
    %store/vec4 v00000000007456c0_0, 0, 1;
    %jmp T_1.8;
T_1.7 ;
    %pushi/vec4 0, 0, 1;
    %store/vec4 v0000000000745440_0, 0, 1;
    %pushi/vec4 0, 0, 1;
    %store/vec4 v00000000007456c0_0, 0, 1;
    %jmp T_1.8;
T_1.8 ;
    %pop/vec4 1;
    %jmp T_1;
    .thread T_1, $push;
    .scope S_0000000000724460;
T_2 ;
    %wait E_00000000007550b0;
    %pushi/vec4 0, 0, 1;
    %store/vec4 v00000000007451c0_0, 0, 1;
    %pushi/vec4 0, 0, 1;
    %store/vec4 v00000000007454e0_0, 0, 1;
    %load/vec4 v00000000007453a0_0;
    %dup/vec4;
    %pushi/vec4 1, 0, 4;
    %cmp/u;
    %jmp/1 T_2.0, 6;
    %dup/vec4;
    %pushi/vec4 4, 0, 4;
    %cmp/u;
    %jmp/1 T_2.1, 6;
    %dup/vec4;
    %pushi/vec4 5, 0, 4;
    %cmp/u;
    %jmp/1 T_2.2, 6;
    %dup/vec4;
    %pushi/vec4 6, 0, 4;
    %cmp/u;
    %jmp/1 T_2.3, 6;
    %dup/vec4;
    %pushi/vec4 7, 0, 4;
    %cmp/u;
    %jmp/1 T_2.4, 6;
    %jmp T_2.5;
T_2.0 ;
    %load/vec4 v0000000000745080_0;
    %parti/s 1, 31, 6;
    %store/vec4 v00000000007451c0_0, 0, 1;
    %load/vec4 v0000000000745080_0;
    %parti/s 1, 31, 6;
    %load/vec4 v0000000000745080_0;
    %parti/s 1, 30, 6;
    %xor;
    %store/vec4 v00000000007454e0_0, 0, 1;
    %jmp T_2.5;
T_2.1 ;
    %load/vec4 v0000000000745300_0;
    %store/vec4 v00000000007451c0_0, 0, 1;
    %load/vec4 v0000000000745080_0;
    %parti/s 1, 31, 6;
    %pushi/vec4 1, 0, 1;
    %cmp/e;
    %flag_get/vec4 4;
    %load/vec4 v0000000000745120_0;
    %parti/s 1, 31, 6;
    %pushi/vec4 0, 0, 1;
    %cmp/e;
    %flag_get/vec4 4;
    %and;
    %load/vec4 v000000000077dda0_0;
    %pushi/vec4 1, 0, 1;
    %cmp/e;
    %flag_get/vec4 4;
    %and;
    %load/vec4 v0000000000745580_0;
    %parti/s 1, 31, 6;
    %pushi/vec4 0, 0, 1;
    %cmp/e;
    %flag_get/vec4 4;
    %and;
    %load/vec4 v0000000000745080_0;
    %parti/s 1, 31, 6;
    %pushi/vec4 0, 0, 1;
    %cmp/e;
    %flag_get/vec4 4;
    %load/vec4 v0000000000745120_0;
    %parti/s 1, 31, 6;
    %pushi/vec4 1, 0, 1;
    %cmp/e;
    %flag_get/vec4 4;
    %and;
    %load/vec4 v000000000077dda0_0;
    %pushi/vec4 1, 0, 1;
    %cmp/e;
    %flag_get/vec4 4;
    %and;
    %load/vec4 v0000000000745580_0;
    %parti/s 1, 31, 6;
    %pushi/vec4 1, 0, 1;
    %cmp/e;
    %flag_get/vec4 4;
    %and;
    %or;
    %load/vec4 v0000000000745080_0;
    %parti/s 1, 31, 6;
    %pushi/vec4 1, 0, 1;
    %cmp/e;
    %flag_get/vec4 4;
    %load/vec4 v0000000000745120_0;
    %parti/s 1, 31, 6;
    %pushi/vec4 1, 0, 1;
    %cmp/e;
    %flag_get/vec4 4;
    %and;
    %load/vec4 v000000000077dda0_0;
    %pushi/vec4 0, 0, 1;
    %cmp/e;
    %flag_get/vec4 4;
    %and;
    %load/vec4 v0000000000745580_0;
    %parti/s 1, 31, 6;
    %pushi/vec4 0, 0, 1;
    %cmp/e;
    %flag_get/vec4 4;
    %and;
    %or;
    %load/vec4 v0000000000745080_0;
    %parti/s 1, 31, 6;
    %pushi/vec4 0, 0, 1;
    %cmp/e;
    %flag_get/vec4 4;
    %load/vec4 v0000000000745120_0;
    %parti/s 1, 31, 6;
    %pushi/vec4 0, 0, 1;
    %cmp/e;
    %flag_get/vec4 4;
    %and;
    %load/vec4 v000000000077dda0_0;
    %pushi/vec4 0, 0, 1;
    %cmp/e;
    %flag_get/vec4 4;
    %and;
    %load/vec4 v0000000000745580_0;
    %parti/s 1, 31, 6;
    %pushi/vec4 1, 0, 1;
    %cmp/e;
    %flag_get/vec4 4;
    %and;
    %or;
    %flag_set/vec4 8;
    %jmp/0 T_2.6, 8;
    %pushi/vec4 1, 0, 1;
    %jmp/1 T_2.7, 8;
T_2.6 ; End of true expr.
    %pushi/vec4 0, 0, 1;
    %jmp/0 T_2.7, 8;
 ; End of false expr.
    %blend;
T_2.7;
    %store/vec4 v00000000007454e0_0, 0, 1;
    %jmp T_2.5;
T_2.2 ;
    %load/vec4 v0000000000745300_0;
    %store/vec4 v00000000007451c0_0, 0, 1;
    %load/vec4 v0000000000745080_0;
    %parti/s 1, 31, 6;
    %pushi/vec4 1, 0, 1;
    %cmp/e;
    %flag_get/vec4 4;
    %load/vec4 v0000000000745120_0;
    %parti/s 1, 31, 6;
    %pushi/vec4 0, 0, 1;
    %cmp/e;
    %flag_get/vec4 4;
    %and;
    %load/vec4 v000000000077dda0_0;
    %pushi/vec4 1, 0, 1;
    %cmp/e;
    %flag_get/vec4 4;
    %and;
    %load/vec4 v0000000000745580_0;
    %parti/s 1, 31, 6;
    %pushi/vec4 0, 0, 1;
    %cmp/e;
    %flag_get/vec4 4;
    %and;
    %load/vec4 v0000000000745080_0;
    %parti/s 1, 31, 6;
    %pushi/vec4 0, 0, 1;
    %cmp/e;
    %flag_get/vec4 4;
    %load/vec4 v0000000000745120_0;
    %parti/s 1, 31, 6;
    %pushi/vec4 1, 0, 1;
    %cmp/e;
    %flag_get/vec4 4;
    %and;
    %load/vec4 v000000000077dda0_0;
    %pushi/vec4 1, 0, 1;
    %cmp/e;
    %flag_get/vec4 4;
    %and;
    %load/vec4 v0000000000745580_0;
    %parti/s 1, 31, 6;
    %pushi/vec4 1, 0, 1;
    %cmp/e;
    %flag_get/vec4 4;
    %and;
    %or;
    %load/vec4 v0000000000745080_0;
    %parti/s 1, 31, 6;
    %pushi/vec4 1, 0, 1;
    %cmp/e;
    %flag_get/vec4 4;
    %load/vec4 v0000000000745120_0;
    %parti/s 1, 31, 6;
    %pushi/vec4 1, 0, 1;
    %cmp/e;
    %flag_get/vec4 4;
    %and;
    %load/vec4 v000000000077dda0_0;
    %pushi/vec4 0, 0, 1;
    %cmp/e;
    %flag_get/vec4 4;
    %and;
    %load/vec4 v0000000000745580_0;
    %parti/s 1, 31, 6;
    %pushi/vec4 0, 0, 1;
    %cmp/e;
    %flag_get/vec4 4;
    %and;
    %or;
    %load/vec4 v0000000000745080_0;
    %parti/s 1, 31, 6;
    %pushi/vec4 0, 0, 1;
    %cmp/e;
    %flag_get/vec4 4;
    %load/vec4 v0000000000745120_0;
    %parti/s 1, 31, 6;
    %pushi/vec4 0, 0, 1;
    %cmp/e;
    %flag_get/vec4 4;
    %and;
    %load/vec4 v000000000077dda0_0;
    %pushi/vec4 0, 0, 1;
    %cmp/e;
    %flag_get/vec4 4;
    %and;
    %load/vec4 v0000000000745580_0;
    %parti/s 1, 31, 6;
    %pushi/vec4 1, 0, 1;
    %cmp/e;
    %flag_get/vec4 4;
    %and;
    %or;
    %flag_set/vec4 8;
    %jmp/0 T_2.8, 8;
    %pushi/vec4 1, 0, 1;
    %jmp/1 T_2.9, 8;
T_2.8 ; End of true expr.
    %pushi/vec4 0, 0, 1;
    %jmp/0 T_2.9, 8;
 ; End of false expr.
    %blend;
T_2.9;
    %store/vec4 v00000000007454e0_0, 0, 1;
    %jmp T_2.5;
T_2.3 ;
    %load/vec4 v0000000000745300_0;
    %store/vec4 v00000000007451c0_0, 0, 1;
    %load/vec4 v0000000000745080_0;
    %parti/s 1, 31, 6;
    %pushi/vec4 1, 0, 1;
    %cmp/e;
    %flag_get/vec4 4;
    %load/vec4 v0000000000745120_0;
    %parti/s 1, 31, 6;
    %pushi/vec4 0, 0, 1;
    %cmp/e;
    %flag_get/vec4 4;
    %and;
    %load/vec4 v000000000077dda0_0;
    %pushi/vec4 1, 0, 1;
    %cmp/e;
    %flag_get/vec4 4;
    %and;
    %load/vec4 v0000000000745580_0;
    %parti/s 1, 31, 6;
    %pushi/vec4 0, 0, 1;
    %cmp/e;
    %flag_get/vec4 4;
    %and;
    %load/vec4 v0000000000745080_0;
    %parti/s 1, 31, 6;
    %pushi/vec4 0, 0, 1;
    %cmp/e;
    %flag_get/vec4 4;
    %load/vec4 v0000000000745120_0;
    %parti/s 1, 31, 6;
    %pushi/vec4 1, 0, 1;
    %cmp/e;
    %flag_get/vec4 4;
    %and;
    %load/vec4 v000000000077dda0_0;
    %pushi/vec4 1, 0, 1;
    %cmp/e;
    %flag_get/vec4 4;
    %and;
    %load/vec4 v0000000000745580_0;
    %parti/s 1, 31, 6;
    %pushi/vec4 1, 0, 1;
    %cmp/e;
    %flag_get/vec4 4;
    %and;
    %or;
    %load/vec4 v0000000000745080_0;
    %parti/s 1, 31, 6;
    %pushi/vec4 1, 0, 1;
    %cmp/e;
    %flag_get/vec4 4;
    %load/vec4 v0000000000745120_0;
    %parti/s 1, 31, 6;
    %pushi/vec4 1, 0, 1;
    %cmp/e;
    %flag_get/vec4 4;
    %and;
    %load/vec4 v000000000077dda0_0;
    %pushi/vec4 0, 0, 1;
    %cmp/e;
    %flag_get/vec4 4;
    %and;
    %load/vec4 v0000000000745580_0;
    %parti/s 1, 31, 6;
    %pushi/vec4 0, 0, 1;
    %cmp/e;
    %flag_get/vec4 4;
    %and;
    %or;
    %load/vec4 v0000000000745080_0;
    %parti/s 1, 31, 6;
    %pushi/vec4 0, 0, 1;
    %cmp/e;
    %flag_get/vec4 4;
    %load/vec4 v0000000000745120_0;
    %parti/s 1, 31, 6;
    %pushi/vec4 0, 0, 1;
    %cmp/e;
    %flag_get/vec4 4;
    %and;
    %load/vec4 v000000000077dda0_0;
    %pushi/vec4 0, 0, 1;
    %cmp/e;
    %flag_get/vec4 4;
    %and;
    %load/vec4 v0000000000745580_0;
    %parti/s 1, 31, 6;
    %pushi/vec4 1, 0, 1;
    %cmp/e;
    %flag_get/vec4 4;
    %and;
    %or;
    %flag_set/vec4 8;
    %jmp/0 T_2.10, 8;
    %pushi/vec4 1, 0, 1;
    %jmp/1 T_2.11, 8;
T_2.10 ; End of true expr.
    %pushi/vec4 0, 0, 1;
    %jmp/0 T_2.11, 8;
 ; End of false expr.
    %blend;
T_2.11;
    %store/vec4 v00000000007454e0_0, 0, 1;
    %jmp T_2.5;
T_2.4 ;
    %load/vec4 v0000000000745300_0;
    %store/vec4 v00000000007451c0_0, 0, 1;
    %load/vec4 v0000000000745080_0;
    %parti/s 1, 31, 6;
    %pushi/vec4 1, 0, 1;
    %cmp/e;
    %flag_get/vec4 4;
    %load/vec4 v0000000000745120_0;
    %parti/s 1, 31, 6;
    %pushi/vec4 0, 0, 1;
    %cmp/e;
    %flag_get/vec4 4;
    %and;
    %load/vec4 v000000000077dda0_0;
    %pushi/vec4 1, 0, 1;
    %cmp/e;
    %flag_get/vec4 4;
    %and;
    %load/vec4 v0000000000745580_0;
    %parti/s 1, 31, 6;
    %pushi/vec4 0, 0, 1;
    %cmp/e;
    %flag_get/vec4 4;
    %and;
    %load/vec4 v0000000000745080_0;
    %parti/s 1, 31, 6;
    %pushi/vec4 0, 0, 1;
    %cmp/e;
    %flag_get/vec4 4;
    %load/vec4 v0000000000745120_0;
    %parti/s 1, 31, 6;
    %pushi/vec4 1, 0, 1;
    %cmp/e;
    %flag_get/vec4 4;
    %and;
    %load/vec4 v000000000077dda0_0;
    %pushi/vec4 1, 0, 1;
    %cmp/e;
    %flag_get/vec4 4;
    %and;
    %load/vec4 v0000000000745580_0;
    %parti/s 1, 31, 6;
    %pushi/vec4 1, 0, 1;
    %cmp/e;
    %flag_get/vec4 4;
    %and;
    %or;
    %load/vec4 v0000000000745080_0;
    %parti/s 1, 31, 6;
    %pushi/vec4 1, 0, 1;
    %cmp/e;
    %flag_get/vec4 4;
    %load/vec4 v0000000000745120_0;
    %parti/s 1, 31, 6;
    %pushi/vec4 1, 0, 1;
    %cmp/e;
    %flag_get/vec4 4;
    %and;
    %load/vec4 v000000000077dda0_0;
    %pushi/vec4 0, 0, 1;
    %cmp/e;
    %flag_get/vec4 4;
    %and;
    %load/vec4 v0000000000745580_0;
    %parti/s 1, 31, 6;
    %pushi/vec4 0, 0, 1;
    %cmp/e;
    %flag_get/vec4 4;
    %and;
    %or;
    %load/vec4 v0000000000745080_0;
    %parti/s 1, 31, 6;
    %pushi/vec4 0, 0, 1;
    %cmp/e;
    %flag_get/vec4 4;
    %load/vec4 v0000000000745120_0;
    %parti/s 1, 31, 6;
    %pushi/vec4 0, 0, 1;
    %cmp/e;
    %flag_get/vec4 4;
    %and;
    %load/vec4 v000000000077dda0_0;
    %pushi/vec4 0, 0, 1;
    %cmp/e;
    %flag_get/vec4 4;
    %and;
    %load/vec4 v0000000000745580_0;
    %parti/s 1, 31, 6;
    %pushi/vec4 1, 0, 1;
    %cmp/e;
    %flag_get/vec4 4;
    %and;
    %or;
    %flag_set/vec4 8;
    %jmp/0 T_2.12, 8;
    %pushi/vec4 1, 0, 1;
    %jmp/1 T_2.13, 8;
T_2.12 ; End of true expr.
    %pushi/vec4 0, 0, 1;
    %jmp/0 T_2.13, 8;
 ; End of false expr.
    %blend;
T_2.13;
    %store/vec4 v00000000007454e0_0, 0, 1;
    %jmp T_2.5;
T_2.5 ;
    %pop/vec4 1;
    %jmp T_2;
    .thread T_2, $push;
    .scope S_0000000000724460;
T_3 ;
    %wait E_0000000000755030;
    %load/vec4 v00000000007453a0_0;
    %dup/vec4;
    %pushi/vec4 0, 0, 4;
    %cmp/u;
    %jmp/1 T_3.0, 6;
    %dup/vec4;
    %pushi/vec4 1, 0, 4;
    %cmp/u;
    %jmp/1 T_3.1, 6;
    %dup/vec4;
    %pushi/vec4 2, 0, 4;
    %cmp/u;
    %jmp/1 T_3.2, 6;
    %dup/vec4;
    %pushi/vec4 3, 0, 4;
    %cmp/u;
    %jmp/1 T_3.3, 6;
    %dup/vec4;
    %pushi/vec4 4, 0, 4;
    %cmp/u;
    %jmp/1 T_3.4, 6;
    %dup/vec4;
    %pushi/vec4 5, 0, 4;
    %cmp/u;
    %jmp/1 T_3.5, 6;
    %dup/vec4;
    %pushi/vec4 6, 0, 4;
    %cmp/u;
    %jmp/1 T_3.6, 6;
    %dup/vec4;
    %pushi/vec4 7, 0, 4;
    %cmp/u;
    %jmp/1 T_3.7, 6;
    %dup/vec4;
    %pushi/vec4 8, 0, 4;
    %cmp/u;
    %jmp/1 T_3.8, 6;
    %dup/vec4;
    %pushi/vec4 9, 0, 4;
    %cmp/u;
    %jmp/1 T_3.9, 6;
    %dup/vec4;
    %pushi/vec4 10, 0, 4;
    %cmp/u;
    %jmp/1 T_3.10, 6;
    %dup/vec4;
    %pushi/vec4 11, 0, 4;
    %cmp/u;
    %jmp/1 T_3.11, 6;
    %dup/vec4;
    %pushi/vec4 12, 0, 4;
    %cmp/u;
    %jmp/1 T_3.12, 6;
    %dup/vec4;
    %pushi/vec4 13, 0, 4;
    %cmp/u;
    %jmp/1 T_3.13, 6;
    %dup/vec4;
    %pushi/vec4 14, 0, 4;
    %cmp/u;
    %jmp/1 T_3.14, 6;
    %dup/vec4;
    %pushi/vec4 15, 0, 4;
    %cmp/u;
    %jmp/1 T_3.15, 6;
    %jmp T_3.16;
T_3.0 ;
    %load/vec4 v0000000000745080_0;
    %parti/s 31, 0, 2;
    %ix/load 4, 1, 0;
    %flag_set/imm 4, 0;
    %store/vec4 v0000000000745580_0, 4, 31;
    %pushi/vec4 0, 0, 1;
    %ix/load 4, 0, 0;
    %flag_set/imm 4, 0;
    %store/vec4 v0000000000745580_0, 4, 1;
    %jmp T_3.16;
T_3.1 ;
    %load/vec4 v0000000000745080_0;
    %parti/s 31, 0, 2;
    %ix/load 4, 1, 0;
    %flag_set/imm 4, 0;
    %store/vec4 v0000000000745580_0, 4, 31;
    %pushi/vec4 0, 0, 1;
    %ix/load 4, 0, 0;
    %flag_set/imm 4, 0;
    %store/vec4 v0000000000745580_0, 4, 1;
    %jmp T_3.16;
T_3.2 ;
    %load/vec4 v0000000000745080_0;
    %parti/s 31, 1, 2;
    %ix/load 4, 0, 0;
    %flag_set/imm 4, 0;
    %store/vec4 v0000000000745580_0, 4, 31;
    %pushi/vec4 0, 0, 1;
    %ix/load 4, 31, 0;
    %flag_set/imm 4, 0;
    %store/vec4 v0000000000745580_0, 4, 1;
    %jmp T_3.16;
T_3.3 ;
    %load/vec4 v0000000000745080_0;
    %parti/s 31, 1, 2;
    %ix/load 4, 0, 0;
    %flag_set/imm 4, 0;
    %store/vec4 v0000000000745580_0, 4, 31;
    %load/vec4 v0000000000745580_0;
    %parti/s 1, 30, 6;
    %cmpi/e 1, 0, 1;
    %flag_mov 8, 4;
    %jmp/0 T_3.17, 8;
    %pushi/vec4 1, 0, 1;
    %jmp/1 T_3.18, 8;
T_3.17 ; End of true expr.
    %pushi/vec4 0, 0, 1;
    %jmp/0 T_3.18, 8;
 ; End of false expr.
    %blend;
T_3.18;
    %ix/load 4, 31, 0;
    %flag_set/imm 4, 0;
    %store/vec4 v0000000000745580_0, 4, 1;
    %jmp T_3.16;
T_3.4 ;
    %load/vec4 v0000000000745620_0;
    %store/vec4 v0000000000745580_0, 0, 32;
    %jmp T_3.16;
T_3.5 ;
    %load/vec4 v0000000000745620_0;
    %store/vec4 v0000000000745580_0, 0, 32;
    %jmp T_3.16;
T_3.6 ;
    %load/vec4 v0000000000745620_0;
    %store/vec4 v0000000000745580_0, 0, 32;
    %jmp T_3.16;
T_3.7 ;
    %load/vec4 v0000000000745620_0;
    %parti/s 1, 31, 6;
    %cmpi/e 1, 0, 1;
    %flag_mov 8, 4;
    %jmp/0 T_3.19, 8;
    %load/vec4 v0000000000745620_0;
    %pushi/vec4 4294967295, 0, 32;
    %xor;
    %addi 1, 0, 32;
    %jmp/1 T_3.20, 8;
T_3.19 ; End of true expr.
    %load/vec4 v0000000000745620_0;
    %jmp/0 T_3.20, 8;
 ; End of false expr.
    %blend;
T_3.20;
    %store/vec4 v0000000000745580_0, 0, 32;
    %jmp T_3.16;
T_3.8 ;
    %load/vec4 v000000000077de40_0;
    %load/vec4 v000000000077dee0_0;
    %mul;
    %store/vec4 v0000000000745580_0, 0, 32;
    %jmp T_3.16;
T_3.9 ;
    %pushi/vec4 0, 0, 32;
    %store/vec4 v0000000000745580_0, 0, 32;
    %jmp T_3.16;
T_3.10 ;
    %load/vec4 v0000000000745080_0;
    %store/vec4 v0000000000745580_0, 0, 32;
    %jmp T_3.16;
T_3.11 ;
    %load/vec4 v0000000000745120_0;
    %store/vec4 v0000000000745580_0, 0, 32;
    %jmp T_3.16;
T_3.12 ;
    %load/vec4 v0000000000745080_0;
    %load/vec4 v0000000000745120_0;
    %and;
    %store/vec4 v0000000000745580_0, 0, 32;
    %jmp T_3.16;
T_3.13 ;
    %load/vec4 v0000000000745080_0;
    %load/vec4 v0000000000745120_0;
    %or;
    %store/vec4 v0000000000745580_0, 0, 32;
    %jmp T_3.16;
T_3.14 ;
    %load/vec4 v0000000000745080_0;
    %load/vec4 v0000000000745120_0;
    %xor;
    %store/vec4 v0000000000745580_0, 0, 32;
    %jmp T_3.16;
T_3.15 ;
    %load/vec4 v0000000000745080_0;
    %inv;
    %store/vec4 v0000000000745580_0, 0, 32;
    %jmp T_3.16;
T_3.16 ;
    %pop/vec4 1;
    %jmp T_3;
    .thread T_3, $push;
    .scope S_000000000075fd00;
T_4 ;
    %wait E_0000000000754fb0;
    %load/vec4 v000000000077f060_0;
    %store/vec4 v0000000002675aa0_0, 0, 2;
    %load/vec4 v000000000077efc0_0;
    %store/vec4 v0000000002675960_0, 0, 32;
    %load/vec4 v000000000077f100_0;
    %store/vec4 v0000000002675b40_0, 0, 32;
    %load/vec4 v000000000077ef20_0;
    %store/vec4 v000000000077ede0_0, 0, 32;
    %load/vec4 v000000000077e020_0;
    %store/vec4 v000000000077f1a0_0, 0, 10;
    %load/vec4 v000000000077e5c0_0;
    %store/vec4 v00000000026758c0_0, 0, 32;
    %jmp T_4;
    .thread T_4;
    .scope S_000000000075fd00;
T_5 ;
    %wait E_0000000000754f70;
    %pushi/vec4 0, 0, 2;
    %store/vec4 v000000000077f060_0, 0, 2;
    %pushi/vec4 1, 0, 1;
    %store/vec4 v000000000077e340_0, 0, 1;
    %pushi/vec4 0, 0, 1;
    %store/vec4 v000000000077e480_0, 0, 1;
    %pushi/vec4 0, 0, 32;
    %store/vec4 v000000000077e5c0_0, 0, 32;
    %jmp T_5;
    .thread T_5;
    .scope S_000000000075fd00;
T_6 ;
    %wait E_0000000000754f30;
    %load/vec4 v0000000002675aa0_0;
    %dup/vec4;
    %pushi/vec4 0, 0, 2;
    %cmp/u;
    %jmp/1 T_6.0, 6;
    %dup/vec4;
    %pushi/vec4 1, 0, 2;
    %cmp/u;
    %jmp/1 T_6.1, 6;
    %dup/vec4;
    %pushi/vec4 2, 0, 2;
    %cmp/u;
    %jmp/1 T_6.2, 6;
    %dup/vec4;
    %pushi/vec4 3, 0, 2;
    %cmp/u;
    %jmp/1 T_6.3, 6;
    %jmp T_6.4;
T_6.0 ;
    %pushi/vec4 1023, 0, 10;
    %store/vec4 v000000000077e020_0, 0, 10;
    %load/vec4 v000000000077e660_0;
    %flag_set/vec4 8;
    %jmp/0xz  T_6.5, 8;
    %load/vec4 v000000000077e2a0_0;
    %store/vec4 v000000000077ef20_0, 0, 32;
    %pushi/vec4 0, 0, 10;
    %store/vec4 v000000000077e020_0, 0, 10;
    %pushi/vec4 1, 0, 2;
    %store/vec4 v000000000077f060_0, 0, 2;
    %jmp T_6.6;
T_6.5 ;
    %pushi/vec4 0, 0, 2;
    %store/vec4 v000000000077f060_0, 0, 2;
T_6.6 ;
    %jmp T_6.4;
T_6.1 ;
    %load/vec4 v000000000077e2a0_0;
    %store/vec4 v000000000077efc0_0, 0, 32;
    %load/vec4 v000000000077f1a0_0;
    %addi 1, 0, 10;
    %store/vec4 v000000000077e020_0, 0, 10;
    %load/vec4 v000000000077ede0_0;
    %subi 1, 0, 32;
    %store/vec4 v000000000077ef20_0, 0, 32;
    %pushi/vec4 2, 0, 2;
    %store/vec4 v000000000077f060_0, 0, 2;
    %jmp T_6.4;
T_6.2 ;
    %load/vec4 v000000000077ede0_0;
    %subi 1, 0, 32;
    %store/vec4 v000000000077ef20_0, 0, 32;
    %load/vec4 v000000000077f1a0_0;
    %addi 1, 0, 10;
    %store/vec4 v000000000077e020_0, 0, 10;
    %load/vec4 v000000000077e7a0_0;
    %store/vec4 v000000000077f100_0, 0, 32;
    %pushi/vec4 3, 0, 2;
    %store/vec4 v000000000077f060_0, 0, 2;
    %jmp T_6.4;
T_6.3 ;
    %load/vec4 v000000000077ede0_0;
    %cmpi/e 0, 0, 32;
    %jmp/0xz  T_6.7, 4;
    %pushi/vec4 1, 0, 1;
    %store/vec4 v000000000077e480_0, 0, 1;
    %jmp T_6.8;
T_6.7 ;
    %load/vec4 v000000000077e2a0_0;
    %store/vec4 v000000000077efc0_0, 0, 32;
    %load/vec4 v000000000077f1a0_0;
    %addi 1, 0, 10;
    %store/vec4 v000000000077e020_0, 0, 10;
    %load/vec4 v000000000077ede0_0;
    %subi 1, 0, 32;
    %store/vec4 v000000000077ef20_0, 0, 32;
    %pushi/vec4 2, 0, 2;
    %store/vec4 v000000000077f060_0, 0, 2;
T_6.8 ;
    %load/vec4 v000000000077e7a0_0;
    %store/vec4 v000000000077e5c0_0, 0, 32;
    %jmp T_6.4;
T_6.4 ;
    %pop/vec4 1;
    %jmp T_6;
    .thread T_6;
    .scope S_000000000075fb80;
T_7 ;
    %delay 120, 0;
    %load/vec4 v0000000002675fa0_0;
    %inv;
    %store/vec4 v0000000002675fa0_0, 0, 1;
    %jmp T_7;
    .thread T_7;
    .scope S_000000000075fb80;
T_8 ;
    %vpi_call 4 44 "$dumpfile", "VIP.vcd" {0 0 0};
    %vpi_call 4 46 "$dumpvars" {0 0 0};
    %end;
    .thread T_8;
    .scope S_000000000075fb80;
T_9 ;
    %vpi_call 4 53 "$readmemb", "info.dat", v0000000002676040 {0 0 0};
    %pushi/vec4 1023, 0, 10;
    %store/vec4 v00000000026760e0_0, 0, 10;
    %pushi/vec4 1, 0, 1;
    %store/vec4 v0000000002676180_0, 0, 1;
    %pushi/vec4 0, 0, 1;
    %store/vec4 v0000000002675fa0_0, 0, 1;
    %pushi/vec4 0, 0, 1;
    %store/vec4 v0000000002675f00_0, 0, 1;
    %pushi/vec4 0, 4294967295, 32;
    %store/vec4 v0000000002675c80_0, 0, 32;
    %wait E_0000000000754fb0;
    %pushi/vec4 0, 0, 1;
    %store/vec4 v0000000002676180_0, 0, 1;
    %delay 480, 0;
    %pushi/vec4 1, 0, 1;
    %store/vec4 v0000000002676180_0, 0, 1;
    %wait E_0000000000754fb0;
    %pushi/vec4 1, 0, 1;
    %store/vec4 v0000000002675f00_0, 0, 1;
T_9.0 ;
    %load/vec4 v0000000002675dc0_0;
    %pad/u 32;
    %cmpi/e 0, 0, 32;
    %jmp/0xz T_9.1, 4;
    %load/vec4 v0000000002675d20_0;
    %load/vec4 v0000000002675be0_0;
    %load/vec4 v00000000026760e0_0;
    %cmp/u;
    %flag_get/vec4 4;
    %flag_get/vec4 5;
    %or;
    %and;
    %flag_set/vec4 8;
    %jmp/0xz  T_9.2, 8;
    %load/vec4 v0000000002675be0_0;
    %pad/u 12;
    %ix/vec4 4;
    %load/vec4a v0000000002676040, 4;
    %store/vec4 v0000000002675c80_0, 0, 32;
    %jmp T_9.3;
T_9.2 ;
    %pushi/vec4 0, 4294967295, 32;
    %store/vec4 v0000000002675c80_0, 0, 32;
T_9.3 ;
    %wait E_0000000000754fb0;
    %jmp T_9.0;
T_9.1 ;
    %vpi_call 4 77 "$display", " " {0 0 0};
    %load/vec4 v0000000002675e60_0;
    %ix/load 4, 1024, 0;
    %flag_set/imm 4, 0;
    %load/vec4a v0000000002676040, 4;
    %cmp/e;
    %jmp/0xz  T_9.4, 4;
    %vpi_call 4 79 "$display", "Congratulations !! :)" {0 0 0};
    %vpi_call 4 80 "$display", " " {0 0 0};
    %vpi_call 4 81 "$finish" {0 0 0};
T_9.4 ;
    %vpi_call 4 85 "$display", "Wrong Answer !! :(" {0 0 0};
    %load/vec4 v0000000002675e60_0;
    %ix/load 4, 1024, 0;
    %flag_set/imm 4, 0;
    %load/vec4a v0000000002676040, 4;
    %vpi_call 4 86 "$display", "Result = %d, Answer = %d", S<1,vec4,s32>, S<0,vec4,s32> {2 0 0};
    %vpi_call 4 87 "$display", " " {0 0 0};
    %vpi_call 4 88 "$finish" {0 0 0};
    %end;
    .thread T_9;
    .scope S_000000000075fb80;
T_10 ;
    %delay 1410065408, 2;
    %vpi_call 4 93 "$display", "-----------------------------------------------------\012" {0 0 0};
    %vpi_call 4 94 "$display", "Error!!! Somethings' wrong with your code ...!\012" {0 0 0};
    %vpi_call 4 95 "$display", "-------------------------FAIL------------------------\012" {0 0 0};
    %vpi_call 4 96 "$display", "-----------------------------------------------------\012" {0 0 0};
    %vpi_call 4 97 "$finish" {0 0 0};
    %end;
    .thread T_10;
# The file index is used to find the file name in the following table.
:file_names 5;
    "N/A";
    "<interactive>";
    "VIP.v";
    "ALU.v";
    "VIP_tb.v";
