#! c:/iverilog-x64/bin/vvp
:ivl_version "10.1 (stable)" "(v10_1_1)";
:ivl_delay_selection "TYPICAL";
:vpi_time_precision - 10;
:vpi_module "system";
:vpi_module "vhdl_sys";
:vpi_module "v2005_math";
:vpi_module "va_math";
S_00000000026c7420 .scope module, "DFF" "DFF" 2 132;
 .timescale -9 -10;
    .port_info 0 /INPUT 1 "clk"
    .port_info 1 /INPUT 1 "in"
    .port_info 2 /OUTPUT 1 "out"
P_00000000026bc290 .param/l "n" 0 2 133, +C4<00000000000000000000000000000001>;
o00000000026ccad8 .functor BUFZ 1, C4<z>; HiZ drive
v00000000026ac9e0_0 .net "clk", 0 0, o00000000026ccad8;  0 drivers
o00000000026ccb08 .functor BUFZ 1, C4<z>; HiZ drive
v00000000026acbc0_0 .net "in", 0 0, o00000000026ccb08;  0 drivers
v00000000026acda0_0 .var "out", 0 0;
E_00000000026bc510 .event negedge, v00000000026ac9e0_0;
S_0000000002665f50 .scope module, "HalfAdder" "HalfAdder" 3 135;
 .timescale -9 -10;
    .port_info 0 /INPUT 1 "A"
    .port_info 1 /INPUT 1 "B"
    .port_info 2 /INPUT 1 "Cin"
    .port_info 3 /OUTPUT 1 "Cout"
    .port_info 4 /OUTPUT 1 "Y"
o00000000026ccbf8 .functor BUFZ 1, C4<z>; HiZ drive
o00000000026ccc28 .functor BUFZ 1, C4<z>; HiZ drive
o00000000026ccc58 .functor BUFZ 1, C4<z>; HiZ drive
L_00000000026824f0 .functor XOR 1, o00000000026ccbf8, o00000000026ccc28, o00000000026ccc58, C4<0>;
L_0000000002682560 .functor AND 1, o00000000026ccbf8, o00000000026ccc28, C4<1>, C4<1>;
L_00000000026825d0 .functor AND 1, o00000000026ccbf8, o00000000026ccc58, C4<1>, C4<1>;
L_0000000002682f00 .functor AND 1, o00000000026ccc28, o00000000026ccc58, C4<1>, C4<1>;
L_0000000002682790 .functor OR 1, L_0000000002682560, L_00000000026825d0, L_0000000002682f00, C4<0>;
v00000000026ac8a0_0 .net "A", 0 0, o00000000026ccbf8;  0 drivers
v00000000026ae060_0 .net "B", 0 0, o00000000026ccc28;  0 drivers
v00000000026acb20_0 .net "Cin", 0 0, o00000000026ccc58;  0 drivers
v00000000026ade80_0 .net "Cout", 0 0, L_0000000002682790;  1 drivers
v00000000026ad200_0 .net "Y", 0 0, L_00000000026824f0;  1 drivers
v00000000026ad0c0_0 .net "o1", 0 0, L_0000000002682560;  1 drivers
v00000000026adac0_0 .net "o2", 0 0, L_00000000026825d0;  1 drivers
v00000000026adde0_0 .net "o3", 0 0, L_0000000002682f00;  1 drivers
S_00000000026c77c0 .scope module, "IP_tb" "IP_tb" 4 6;
 .timescale -9 -10;
P_00000000026660d0 .param/l "PAT" 0 4 14, +C4<00000000000000000000010000000010>;
P_0000000002666108 .param/l "cyc" 0 4 8, +C4<00000000000000000000000000011000>;
P_0000000002666140 .param/l "dataWidth" 0 4 10, +C4<00000000000000000000000000100000>;
P_0000000002666178 .param/l "memWidth" 0 4 11, +C4<00000000000000000000000000001010>;
v00000000027193a0_0 .net "Addr", 9 0, v0000000002717930_0;  1 drivers
v00000000027184a0_0 .var "Data", 31 0;
v0000000002719620_0 .net "En", 0 0, v00000000027162b0_0;  1 drivers
v0000000002718e00_0 .net "Finish", 0 0, v0000000002717110_0;  1 drivers
v0000000002718540_0 .net "Result", 31 0, v00000000027179d0_0;  1 drivers
v0000000002719440_0 .var "Start", 0 0;
v00000000027196c0_0 .var "clk", 0 0;
v0000000002718b80 .array "dataROM", 1025 0, 31 0;
v0000000002718d60_0 .var "maxSize", 9 0;
v00000000027187c0_0 .var "rst_n", 0 0;
S_00000000026ca380 .scope module, "cost" "Cost" 4 26, 2 1 0, S_00000000026c77c0;
 .timescale -9 -10;
    .port_info 0 /INPUT 1 "clk"
    .port_info 1 /INPUT 1 "rst_n"
    .port_info 2 /INPUT 1 "Start"
    .port_info 3 /INPUT 32 "Data"
    .port_info 4 /OUTPUT 10 "Addr"
    .port_info 5 /OUTPUT 32 "Result"
    .port_info 6 /OUTPUT 1 "Finish"
    .port_info 7 /OUTPUT 1 "En"
P_0000000002673c50 .param/l "ADD" 0 2 40, C4<100>;
P_0000000002673c88 .param/l "IDLE" 0 2 36, C4<000>;
P_0000000002673cc0 .param/l "SHFT" 0 2 41, C4<101>;
P_0000000002673cf8 .param/l "SQR" 0 2 39, C4<011>;
P_0000000002673d30 .param/l "SUB" 0 2 38, C4<010>;
P_0000000002673d68 .param/l "X_0" 0 2 37, C4<001>;
P_0000000002673da0 .param/l "dataWidth" 0 2 4, +C4<00000000000000000000000000100000>;
P_0000000002673dd8 .param/l "memWidth" 0 2 3, +C4<00000000000000000000000000001010>;
v0000000002715f90_0 .var "A", 31 0;
v0000000002717930_0 .var "Addr", 9 0;
v0000000002716cb0_0 .var "B", 31 0;
v0000000002716c10_0 .net "C", 0 0, v0000000002716f30_0;  1 drivers
o00000000026cd348 .functor BUFZ 1, C4<z>; HiZ drive
v00000000027160d0_0 .net "Cin", 0 0, o00000000026cd348;  0 drivers
v0000000002716210_0 .net "Data", 31 0, v00000000027184a0_0;  1 drivers
v00000000027162b0_0 .var "En", 0 0;
v0000000002716fd0_0 .var "FS", 3 0;
v0000000002717110_0 .var "Finish", 0 0;
v00000000027174d0_0 .net "N", 0 0, v0000000002715bd0_0;  1 drivers
v00000000027179d0_0 .var "Result", 31 0;
v0000000002717a70_0 .net "Start", 0 0, v0000000002719440_0;  1 drivers
v0000000002717570_0 .net "V", 0 0, v0000000002717610_0;  1 drivers
v0000000002716030_0 .net "Y", 31 0, v0000000002715db0_0;  1 drivers
v0000000002716170_0 .net "Z", 0 0, v0000000002716350_0;  1 drivers
v0000000002718220_0 .var "amt", 31 0;
v0000000002718400_0 .net "clk", 0 0, v00000000027196c0_0;  1 drivers
v0000000002718720_0 .var "nextAmt", 31 0;
v00000000027182c0_0 .var "nextRomX", 31 0;
v0000000002717fa0_0 .var "nextRomY", 31 0;
v0000000002719800_0 .var "nextState", 2 0;
v0000000002719120_0 .var "nextSum", 31 0;
v0000000002718ae0_0 .var "prevAddr", 9 0;
v0000000002717c80_0 .var "prevResult", 31 0;
v0000000002719260_0 .var "romX", 31 0;
v0000000002718c20_0 .var "romY", 31 0;
v0000000002718cc0_0 .net "rst_n", 0 0, v00000000027187c0_0;  1 drivers
v0000000002718360_0 .var "state", 2 0;
v0000000002719300_0 .var "sum", 31 0;
E_00000000026bbf90 .event posedge, v0000000002718400_0;
E_00000000026bb850/0 .event edge, v0000000002718360_0, v0000000002719260_0, v0000000002716210_0, v0000000002719300_0;
E_00000000026bb850/1 .event edge, v0000000002717c80_0;
E_00000000026bb850 .event/or E_00000000026bb850/0, E_00000000026bb850/1;
E_00000000026bbdd0 .event negedge, v0000000002718400_0;
S_00000000026ca500 .scope module, "AddMul" "ALU" 2 71, 3 1 0, S_00000000026ca380;
 .timescale -9 -10;
    .port_info 0 /INPUT 32 "A"
    .port_info 1 /INPUT 32 "B"
    .port_info 2 /INPUT 1 "Cin"
    .port_info 3 /INPUT 4 "FS"
    .port_info 4 /OUTPUT 32 "Y"
    .port_info 5 /OUTPUT 1 "N"
    .port_info 6 /OUTPUT 1 "C"
    .port_info 7 /OUTPUT 1 "V"
    .port_info 8 /OUTPUT 1 "Z"
P_00000000026bb890 .param/l "n" 0 3 2, +C4<00000000000000000000000000100000>;
L_0000000002a72530 .functor OR 1, L_0000000002719080, L_0000000002719940, C4<0>, C4<0>;
v0000000002716850_0 .net "A", 31 0, v0000000002715f90_0;  1 drivers
v00000000027165d0_0 .net "B", 31 0, v0000000002716cb0_0;  1 drivers
v0000000002716f30_0 .var "C", 0 0;
v0000000002716df0_0 .net "Cin", 0 0, o00000000026cd348;  alias, 0 drivers
v00000000027168f0_0 .net "Cout", 0 0, L_0000000002718f40;  1 drivers
v0000000002716670_0 .net "FS", 3 0, v0000000002716fd0_0;  1 drivers
v0000000002715bd0_0 .var "N", 0 0;
v0000000002717610_0 .var "V", 0 0;
v0000000002715db0_0 .var "Y", 31 0;
v00000000027176b0_0 .net "Yt", 31 0, L_0000000002673b90;  1 drivers
v0000000002716350_0 .var "Z", 0 0;
v00000000027163f0_0 .net *"_s12", 0 0, L_0000000002718860;  1 drivers
v0000000002717430_0 .net *"_s13", 15 0, L_0000000002718a40;  1 drivers
v0000000002717070_0 .net *"_s19", 0 0, L_0000000002717be0;  1 drivers
v0000000002717750_0 .net *"_s20", 15 0, L_0000000002717dc0;  1 drivers
L_0000000002a73028 .functor BUFT 1, C4<0101>, C4<0>, C4<0>, C4<0>;
v0000000002716ad0_0 .net/2u *"_s22", 3 0, L_0000000002a73028;  1 drivers
v0000000002716990_0 .net *"_s24", 0 0, L_0000000002718fe0;  1 drivers
L_0000000002a73070 .functor BUFT 1, C4<0>, C4<0>, C4<0>, C4<0>;
v0000000002716a30_0 .net/2u *"_s26", 0 0, L_0000000002a73070;  1 drivers
v00000000027171b0_0 .net *"_s3", 15 0, L_00000000027194e0;  1 drivers
L_0000000002a730b8 .functor BUFT 1, C4<0110>, C4<0>, C4<0>, C4<0>;
v0000000002717390_0 .net/2u *"_s30", 3 0, L_0000000002a730b8;  1 drivers
v0000000002716490_0 .net *"_s32", 0 0, L_0000000002719080;  1 drivers
L_0000000002a73100 .functor BUFT 1, C4<0111>, C4<0>, C4<0>, C4<0>;
v00000000027177f0_0 .net/2u *"_s34", 3 0, L_0000000002a73100;  1 drivers
v0000000002715e50_0 .net *"_s36", 0 0, L_0000000002719940;  1 drivers
v0000000002715d10_0 .net *"_s38", 0 0, L_0000000002a72530;  1 drivers
L_0000000002a73148 .functor BUFT 1, C4<1>, C4<0>, C4<0>, C4<0>;
v00000000027172f0_0 .net/2u *"_s40", 0 0, L_0000000002a73148;  1 drivers
L_0000000002a73190 .functor BUFT 1, C4<0>, C4<0>, C4<0>, C4<0>;
v0000000002716e90_0 .net/2u *"_s42", 0 0, L_0000000002a73190;  1 drivers
v0000000002715ef0_0 .net *"_s7", 15 0, L_0000000002719580;  1 drivers
v0000000002716710_0 .net "cin", 0 0, L_0000000002717f00;  1 drivers
v0000000002717890_0 .net "mode", 0 0, L_0000000002718680;  1 drivers
v00000000027167b0_0 .net "tmpA", 31 0, L_00000000027185e0;  1 drivers
v0000000002716b70_0 .net "tmpB", 31 0, L_0000000002718900;  1 drivers
E_00000000026bbfd0/0 .event edge, v0000000002716670_0, v00000000026ad8e0_0, v0000000002715db0_0, v00000000026ad2a0_0;
E_00000000026bbfd0/1 .event edge, v00000000027167b0_0, v0000000002716b70_0, v00000000026ad980_0;
E_00000000026bbfd0 .event/or E_00000000026bbfd0/0, E_00000000026bbfd0/1;
E_00000000026bc010/0 .event edge, v0000000002716670_0, v00000000026ad8e0_0, v00000000026acc60_0, v00000000026ad980_0;
E_00000000026bc010/1 .event edge, v0000000002717250_0, v0000000002715db0_0;
E_00000000026bc010 .event/or E_00000000026bc010/0, E_00000000026bc010/1;
E_00000000026bc2d0 .event edge, v0000000002715db0_0, v0000000002716670_0;
L_00000000027194e0 .part v0000000002715f90_0, 0, 16;
L_0000000002719580 .part v0000000002716cb0_0, 0, 16;
L_00000000027185e0 .concat8 [ 16 16 0 0], L_00000000027194e0, L_0000000002718a40;
L_0000000002718860 .part v0000000002715f90_0, 15, 1;
LS_0000000002718a40_0_0 .concat [ 1 1 1 1], L_0000000002718860, L_0000000002718860, L_0000000002718860, L_0000000002718860;
LS_0000000002718a40_0_4 .concat [ 1 1 1 1], L_0000000002718860, L_0000000002718860, L_0000000002718860, L_0000000002718860;
LS_0000000002718a40_0_8 .concat [ 1 1 1 1], L_0000000002718860, L_0000000002718860, L_0000000002718860, L_0000000002718860;
LS_0000000002718a40_0_12 .concat [ 1 1 1 1], L_0000000002718860, L_0000000002718860, L_0000000002718860, L_0000000002718860;
L_0000000002718a40 .concat [ 4 4 4 4], LS_0000000002718a40_0_0, LS_0000000002718a40_0_4, LS_0000000002718a40_0_8, LS_0000000002718a40_0_12;
L_0000000002718900 .concat8 [ 16 16 0 0], L_0000000002719580, L_0000000002717dc0;
L_0000000002717be0 .part v0000000002716cb0_0, 15, 1;
LS_0000000002717dc0_0_0 .concat [ 1 1 1 1], L_0000000002717be0, L_0000000002717be0, L_0000000002717be0, L_0000000002717be0;
LS_0000000002717dc0_0_4 .concat [ 1 1 1 1], L_0000000002717be0, L_0000000002717be0, L_0000000002717be0, L_0000000002717be0;
LS_0000000002717dc0_0_8 .concat [ 1 1 1 1], L_0000000002717be0, L_0000000002717be0, L_0000000002717be0, L_0000000002717be0;
LS_0000000002717dc0_0_12 .concat [ 1 1 1 1], L_0000000002717be0, L_0000000002717be0, L_0000000002717be0, L_0000000002717be0;
L_0000000002717dc0 .concat [ 4 4 4 4], LS_0000000002717dc0_0_0, LS_0000000002717dc0_0_4, LS_0000000002717dc0_0_8, LS_0000000002717dc0_0_12;
L_0000000002718fe0 .cmp/eq 4, v0000000002716fd0_0, L_0000000002a73028;
L_0000000002717f00 .functor MUXZ 1, L_0000000002a73070, o00000000026cd348, L_0000000002718fe0, C4<>;
L_0000000002719080 .cmp/eq 4, v0000000002716fd0_0, L_0000000002a730b8;
L_0000000002719940 .cmp/eq 4, v0000000002716fd0_0, L_0000000002a73100;
L_0000000002718680 .functor MUXZ 1, L_0000000002a73190, L_0000000002a73148, L_0000000002a72530, C4<>;
S_0000000002673e20 .scope module, "AddSub" "AdderSubstractor" 3 21, 3 148 0, S_00000000026ca500;
 .timescale -9 -10;
    .port_info 0 /INPUT 32 "A"
    .port_info 1 /INPUT 32 "B"
    .port_info 2 /INPUT 1 "Cin"
    .port_info 3 /INPUT 1 "mode"
    .port_info 4 /OUTPUT 1 "Cout"
    .port_info 5 /OUTPUT 32 "Y"
P_00000000026bc650 .param/l "n" 0 3 149, +C4<00000000000000000000000000100000>;
L_0000000002682640 .functor OR 1, L_0000000002718680, L_0000000002717f00, C4<0>, C4<0>;
L_0000000002673960 .functor XOR 32, v0000000002716cb0_0, L_0000000002719760, C4<00000000000000000000000000000000>, C4<00000000000000000000000000000000>;
L_0000000002673880 .functor XOR 32, v0000000002715f90_0, L_0000000002673960, C4<00000000000000000000000000000000>, C4<00000000000000000000000000000000>;
L_0000000002673b90 .functor XOR 32, L_0000000002673880, L_00000000027189a0, C4<00000000000000000000000000000000>, C4<00000000000000000000000000000000>;
L_0000000002673570 .functor AND 32, v0000000002715f90_0, L_0000000002673960, C4<11111111111111111111111111111111>, C4<11111111111111111111111111111111>;
L_00000000026739d0 .functor AND 32, v0000000002715f90_0, L_0000000002718040, C4<11111111111111111111111111111111>, C4<11111111111111111111111111111111>;
L_0000000002673ab0 .functor OR 32, L_0000000002673570, L_00000000026739d0, C4<00000000000000000000000000000000>, C4<00000000000000000000000000000000>;
L_0000000002a72b50 .functor AND 32, L_0000000002673960, L_0000000002718ea0, C4<11111111111111111111111111111111>, C4<11111111111111111111111111111111>;
L_0000000002a72840 .functor OR 32, L_0000000002673ab0, L_0000000002a72b50, C4<00000000000000000000000000000000>, C4<00000000000000000000000000000000>;
v00000000026ad8e0_0 .net "A", 31 0, v0000000002715f90_0;  alias, 1 drivers
v00000000026ad980_0 .net "B", 31 0, v0000000002716cb0_0;  alias, 1 drivers
v00000000026ad660_0 .net "Bx", 31 0, L_0000000002673960;  1 drivers
v00000000026ad160_0 .net "C", 32 0, L_00000000027198a0;  1 drivers
v00000000026ad700_0 .net "Cin", 0 0, L_0000000002717f00;  alias, 1 drivers
v00000000026acc60_0 .net "Cout", 0 0, L_0000000002718f40;  alias, 1 drivers
v00000000026ad2a0_0 .net "Y", 31 0, L_0000000002673b90;  alias, 1 drivers
v00000000026ad7a0_0 .net *"_s11", 31 0, L_00000000027189a0;  1 drivers
v00000000026adb60_0 .net *"_s17", 31 0, L_0000000002673570;  1 drivers
v00000000026adc00_0 .net *"_s2", 0 0, L_0000000002682640;  1 drivers
v00000000026adf20_0 .net *"_s20", 31 0, L_0000000002718040;  1 drivers
v00000000026adfc0_0 .net *"_s21", 31 0, L_00000000026739d0;  1 drivers
v00000000026ae100_0 .net *"_s23", 31 0, L_0000000002673ab0;  1 drivers
v00000000026ae1a0_0 .net *"_s26", 31 0, L_0000000002718ea0;  1 drivers
v00000000026ae560_0 .net *"_s27", 31 0, L_0000000002a72b50;  1 drivers
v0000000002716d50_0 .net *"_s29", 31 0, L_0000000002a72840;  1 drivers
v0000000002716530_0 .net *"_s4", 31 0, L_0000000002719760;  1 drivers
v0000000002715c70_0 .net *"_s8", 31 0, L_0000000002673880;  1 drivers
v0000000002717250_0 .net "mode", 0 0, L_0000000002718680;  alias, 1 drivers
LS_0000000002719760_0_0 .concat [ 1 1 1 1], L_0000000002718680, L_0000000002718680, L_0000000002718680, L_0000000002718680;
LS_0000000002719760_0_4 .concat [ 1 1 1 1], L_0000000002718680, L_0000000002718680, L_0000000002718680, L_0000000002718680;
LS_0000000002719760_0_8 .concat [ 1 1 1 1], L_0000000002718680, L_0000000002718680, L_0000000002718680, L_0000000002718680;
LS_0000000002719760_0_12 .concat [ 1 1 1 1], L_0000000002718680, L_0000000002718680, L_0000000002718680, L_0000000002718680;
LS_0000000002719760_0_16 .concat [ 1 1 1 1], L_0000000002718680, L_0000000002718680, L_0000000002718680, L_0000000002718680;
LS_0000000002719760_0_20 .concat [ 1 1 1 1], L_0000000002718680, L_0000000002718680, L_0000000002718680, L_0000000002718680;
LS_0000000002719760_0_24 .concat [ 1 1 1 1], L_0000000002718680, L_0000000002718680, L_0000000002718680, L_0000000002718680;
LS_0000000002719760_0_28 .concat [ 1 1 1 1], L_0000000002718680, L_0000000002718680, L_0000000002718680, L_0000000002718680;
LS_0000000002719760_1_0 .concat [ 4 4 4 4], LS_0000000002719760_0_0, LS_0000000002719760_0_4, LS_0000000002719760_0_8, LS_0000000002719760_0_12;
LS_0000000002719760_1_4 .concat [ 4 4 4 4], LS_0000000002719760_0_16, LS_0000000002719760_0_20, LS_0000000002719760_0_24, LS_0000000002719760_0_28;
L_0000000002719760 .concat [ 16 16 0 0], LS_0000000002719760_1_0, LS_0000000002719760_1_4;
L_00000000027189a0 .part L_00000000027198a0, 0, 32;
L_00000000027198a0 .concat8 [ 1 32 0 0], L_0000000002682640, L_0000000002a72840;
L_0000000002718040 .part L_00000000027198a0, 0, 32;
L_0000000002718ea0 .part L_00000000027198a0, 0, 32;
L_0000000002718f40 .part L_00000000027198a0, 32, 1;
    .scope S_00000000026c7420;
T_0 ;
    %wait E_00000000026bc510;
    %load/vec4 v00000000026acbc0_0;
    %store/vec4 v00000000026acda0_0, 0, 1;
    %jmp T_0;
    .thread T_0;
    .scope S_00000000026ca500;
T_1 ;
    %wait E_00000000026bc2d0;
    %load/vec4 v0000000002715db0_0;
    %parti/s 1, 31, 6;
    %store/vec4 v0000000002715bd0_0, 0, 1;
    %load/vec4 v0000000002715db0_0;
    %cmpi/e 0, 0, 32;
    %flag_mov 8, 4;
    %jmp/0 T_1.0, 8;
    %pushi/vec4 1, 0, 1;
    %jmp/1 T_1.1, 8;
T_1.0 ; End of true expr.
    %pushi/vec4 0, 0, 1;
    %jmp/0 T_1.1, 8;
 ; End of false expr.
    %blend;
T_1.1;
    %store/vec4 v0000000002716350_0, 0, 1;
    %load/vec4 v0000000002716670_0;
    %dup/vec4;
    %pushi/vec4 0, 0, 4;
    %cmp/u;
    %jmp/1 T_1.2, 6;
    %dup/vec4;
    %pushi/vec4 2, 0, 4;
    %cmp/u;
    %jmp/1 T_1.3, 6;
    %dup/vec4;
    %pushi/vec4 12, 0, 4;
    %cmp/u;
    %jmp/1 T_1.4, 6;
    %dup/vec4;
    %pushi/vec4 13, 0, 4;
    %cmp/u;
    %jmp/1 T_1.5, 6;
    %dup/vec4;
    %pushi/vec4 14, 0, 4;
    %cmp/u;
    %jmp/1 T_1.6, 6;
    %dup/vec4;
    %pushi/vec4 15, 0, 4;
    %cmp/u;
    %jmp/1 T_1.7, 6;
    %jmp T_1.8;
T_1.2 ;
    %pushi/vec4 0, 0, 1;
    %store/vec4 v0000000002715bd0_0, 0, 1;
    %pushi/vec4 0, 0, 1;
    %store/vec4 v0000000002716350_0, 0, 1;
    %jmp T_1.8;
T_1.3 ;
    %pushi/vec4 0, 0, 1;
    %store/vec4 v0000000002715bd0_0, 0, 1;
    %pushi/vec4 0, 0, 1;
    %store/vec4 v0000000002716350_0, 0, 1;
    %jmp T_1.8;
T_1.4 ;
    %pushi/vec4 0, 0, 1;
    %store/vec4 v0000000002715bd0_0, 0, 1;
    %pushi/vec4 0, 0, 1;
    %store/vec4 v0000000002716350_0, 0, 1;
    %jmp T_1.8;
T_1.5 ;
    %pushi/vec4 0, 0, 1;
    %store/vec4 v0000000002715bd0_0, 0, 1;
    %pushi/vec4 0, 0, 1;
    %store/vec4 v0000000002716350_0, 0, 1;
    %jmp T_1.8;
T_1.6 ;
    %pushi/vec4 0, 0, 1;
    %store/vec4 v0000000002715bd0_0, 0, 1;
    %pushi/vec4 0, 0, 1;
    %store/vec4 v0000000002716350_0, 0, 1;
    %jmp T_1.8;
T_1.7 ;
    %pushi/vec4 0, 0, 1;
    %store/vec4 v0000000002715bd0_0, 0, 1;
    %pushi/vec4 0, 0, 1;
    %store/vec4 v0000000002716350_0, 0, 1;
    %jmp T_1.8;
T_1.8 ;
    %pop/vec4 1;
    %jmp T_1;
    .thread T_1, $push;
    .scope S_00000000026ca500;
T_2 ;
    %wait E_00000000026bc010;
    %pushi/vec4 0, 0, 1;
    %store/vec4 v0000000002716f30_0, 0, 1;
    %pushi/vec4 0, 0, 1;
    %store/vec4 v0000000002717610_0, 0, 1;
    %load/vec4 v0000000002716670_0;
    %dup/vec4;
    %pushi/vec4 1, 0, 4;
    %cmp/u;
    %jmp/1 T_2.0, 6;
    %dup/vec4;
    %pushi/vec4 4, 0, 4;
    %cmp/u;
    %jmp/1 T_2.1, 6;
    %dup/vec4;
    %pushi/vec4 5, 0, 4;
    %cmp/u;
    %jmp/1 T_2.2, 6;
    %dup/vec4;
    %pushi/vec4 6, 0, 4;
    %cmp/u;
    %jmp/1 T_2.3, 6;
    %dup/vec4;
    %pushi/vec4 7, 0, 4;
    %cmp/u;
    %jmp/1 T_2.4, 6;
    %jmp T_2.5;
T_2.0 ;
    %load/vec4 v0000000002716850_0;
    %parti/s 1, 31, 6;
    %store/vec4 v0000000002716f30_0, 0, 1;
    %load/vec4 v0000000002716850_0;
    %parti/s 1, 31, 6;
    %load/vec4 v0000000002716850_0;
    %parti/s 1, 30, 6;
    %xor;
    %store/vec4 v0000000002717610_0, 0, 1;
    %jmp T_2.5;
T_2.1 ;
    %load/vec4 v00000000027168f0_0;
    %store/vec4 v0000000002716f30_0, 0, 1;
    %load/vec4 v0000000002716850_0;
    %parti/s 1, 31, 6;
    %pushi/vec4 1, 0, 1;
    %cmp/e;
    %flag_get/vec4 4;
    %load/vec4 v00000000027165d0_0;
    %parti/s 1, 31, 6;
    %pushi/vec4 0, 0, 1;
    %cmp/e;
    %flag_get/vec4 4;
    %and;
    %load/vec4 v0000000002717890_0;
    %pushi/vec4 1, 0, 1;
    %cmp/e;
    %flag_get/vec4 4;
    %and;
    %load/vec4 v0000000002715db0_0;
    %parti/s 1, 31, 6;
    %pushi/vec4 0, 0, 1;
    %cmp/e;
    %flag_get/vec4 4;
    %and;
    %load/vec4 v0000000002716850_0;
    %parti/s 1, 31, 6;
    %pushi/vec4 0, 0, 1;
    %cmp/e;
    %flag_get/vec4 4;
    %load/vec4 v00000000027165d0_0;
    %parti/s 1, 31, 6;
    %pushi/vec4 1, 0, 1;
    %cmp/e;
    %flag_get/vec4 4;
    %and;
    %load/vec4 v0000000002717890_0;
    %pushi/vec4 1, 0, 1;
    %cmp/e;
    %flag_get/vec4 4;
    %and;
    %load/vec4 v0000000002715db0_0;
    %parti/s 1, 31, 6;
    %pushi/vec4 1, 0, 1;
    %cmp/e;
    %flag_get/vec4 4;
    %and;
    %or;
    %load/vec4 v0000000002716850_0;
    %parti/s 1, 31, 6;
    %pushi/vec4 1, 0, 1;
    %cmp/e;
    %flag_get/vec4 4;
    %load/vec4 v00000000027165d0_0;
    %parti/s 1, 31, 6;
    %pushi/vec4 1, 0, 1;
    %cmp/e;
    %flag_get/vec4 4;
    %and;
    %load/vec4 v0000000002717890_0;
    %pushi/vec4 0, 0, 1;
    %cmp/e;
    %flag_get/vec4 4;
    %and;
    %load/vec4 v0000000002715db0_0;
    %parti/s 1, 31, 6;
    %pushi/vec4 0, 0, 1;
    %cmp/e;
    %flag_get/vec4 4;
    %and;
    %or;
    %load/vec4 v0000000002716850_0;
    %parti/s 1, 31, 6;
    %pushi/vec4 0, 0, 1;
    %cmp/e;
    %flag_get/vec4 4;
    %load/vec4 v00000000027165d0_0;
    %parti/s 1, 31, 6;
    %pushi/vec4 0, 0, 1;
    %cmp/e;
    %flag_get/vec4 4;
    %and;
    %load/vec4 v0000000002717890_0;
    %pushi/vec4 0, 0, 1;
    %cmp/e;
    %flag_get/vec4 4;
    %and;
    %load/vec4 v0000000002715db0_0;
    %parti/s 1, 31, 6;
    %pushi/vec4 1, 0, 1;
    %cmp/e;
    %flag_get/vec4 4;
    %and;
    %or;
    %flag_set/vec4 8;
    %jmp/0 T_2.6, 8;
    %pushi/vec4 1, 0, 1;
    %jmp/1 T_2.7, 8;
T_2.6 ; End of true expr.
    %pushi/vec4 0, 0, 1;
    %jmp/0 T_2.7, 8;
 ; End of false expr.
    %blend;
T_2.7;
    %store/vec4 v0000000002717610_0, 0, 1;
    %jmp T_2.5;
T_2.2 ;
    %load/vec4 v00000000027168f0_0;
    %store/vec4 v0000000002716f30_0, 0, 1;
    %load/vec4 v0000000002716850_0;
    %parti/s 1, 31, 6;
    %pushi/vec4 1, 0, 1;
    %cmp/e;
    %flag_get/vec4 4;
    %load/vec4 v00000000027165d0_0;
    %parti/s 1, 31, 6;
    %pushi/vec4 0, 0, 1;
    %cmp/e;
    %flag_get/vec4 4;
    %and;
    %load/vec4 v0000000002717890_0;
    %pushi/vec4 1, 0, 1;
    %cmp/e;
    %flag_get/vec4 4;
    %and;
    %load/vec4 v0000000002715db0_0;
    %parti/s 1, 31, 6;
    %pushi/vec4 0, 0, 1;
    %cmp/e;
    %flag_get/vec4 4;
    %and;
    %load/vec4 v0000000002716850_0;
    %parti/s 1, 31, 6;
    %pushi/vec4 0, 0, 1;
    %cmp/e;
    %flag_get/vec4 4;
    %load/vec4 v00000000027165d0_0;
    %parti/s 1, 31, 6;
    %pushi/vec4 1, 0, 1;
    %cmp/e;
    %flag_get/vec4 4;
    %and;
    %load/vec4 v0000000002717890_0;
    %pushi/vec4 1, 0, 1;
    %cmp/e;
    %flag_get/vec4 4;
    %and;
    %load/vec4 v0000000002715db0_0;
    %parti/s 1, 31, 6;
    %pushi/vec4 1, 0, 1;
    %cmp/e;
    %flag_get/vec4 4;
    %and;
    %or;
    %load/vec4 v0000000002716850_0;
    %parti/s 1, 31, 6;
    %pushi/vec4 1, 0, 1;
    %cmp/e;
    %flag_get/vec4 4;
    %load/vec4 v00000000027165d0_0;
    %parti/s 1, 31, 6;
    %pushi/vec4 1, 0, 1;
    %cmp/e;
    %flag_get/vec4 4;
    %and;
    %load/vec4 v0000000002717890_0;
    %pushi/vec4 0, 0, 1;
    %cmp/e;
    %flag_get/vec4 4;
    %and;
    %load/vec4 v0000000002715db0_0;
    %parti/s 1, 31, 6;
    %pushi/vec4 0, 0, 1;
    %cmp/e;
    %flag_get/vec4 4;
    %and;
    %or;
    %load/vec4 v0000000002716850_0;
    %parti/s 1, 31, 6;
    %pushi/vec4 0, 0, 1;
    %cmp/e;
    %flag_get/vec4 4;
    %load/vec4 v00000000027165d0_0;
    %parti/s 1, 31, 6;
    %pushi/vec4 0, 0, 1;
    %cmp/e;
    %flag_get/vec4 4;
    %and;
    %load/vec4 v0000000002717890_0;
    %pushi/vec4 0, 0, 1;
    %cmp/e;
    %flag_get/vec4 4;
    %and;
    %load/vec4 v0000000002715db0_0;
    %parti/s 1, 31, 6;
    %pushi/vec4 1, 0, 1;
    %cmp/e;
    %flag_get/vec4 4;
    %and;
    %or;
    %flag_set/vec4 8;
    %jmp/0 T_2.8, 8;
    %pushi/vec4 1, 0, 1;
    %jmp/1 T_2.9, 8;
T_2.8 ; End of true expr.
    %pushi/vec4 0, 0, 1;
    %jmp/0 T_2.9, 8;
 ; End of false expr.
    %blend;
T_2.9;
    %store/vec4 v0000000002717610_0, 0, 1;
    %jmp T_2.5;
T_2.3 ;
    %load/vec4 v00000000027168f0_0;
    %store/vec4 v0000000002716f30_0, 0, 1;
    %load/vec4 v0000000002716850_0;
    %parti/s 1, 31, 6;
    %pushi/vec4 1, 0, 1;
    %cmp/e;
    %flag_get/vec4 4;
    %load/vec4 v00000000027165d0_0;
    %parti/s 1, 31, 6;
    %pushi/vec4 0, 0, 1;
    %cmp/e;
    %flag_get/vec4 4;
    %and;
    %load/vec4 v0000000002717890_0;
    %pushi/vec4 1, 0, 1;
    %cmp/e;
    %flag_get/vec4 4;
    %and;
    %load/vec4 v0000000002715db0_0;
    %parti/s 1, 31, 6;
    %pushi/vec4 0, 0, 1;
    %cmp/e;
    %flag_get/vec4 4;
    %and;
    %load/vec4 v0000000002716850_0;
    %parti/s 1, 31, 6;
    %pushi/vec4 0, 0, 1;
    %cmp/e;
    %flag_get/vec4 4;
    %load/vec4 v00000000027165d0_0;
    %parti/s 1, 31, 6;
    %pushi/vec4 1, 0, 1;
    %cmp/e;
    %flag_get/vec4 4;
    %and;
    %load/vec4 v0000000002717890_0;
    %pushi/vec4 1, 0, 1;
    %cmp/e;
    %flag_get/vec4 4;
    %and;
    %load/vec4 v0000000002715db0_0;
    %parti/s 1, 31, 6;
    %pushi/vec4 1, 0, 1;
    %cmp/e;
    %flag_get/vec4 4;
    %and;
    %or;
    %load/vec4 v0000000002716850_0;
    %parti/s 1, 31, 6;
    %pushi/vec4 1, 0, 1;
    %cmp/e;
    %flag_get/vec4 4;
    %load/vec4 v00000000027165d0_0;
    %parti/s 1, 31, 6;
    %pushi/vec4 1, 0, 1;
    %cmp/e;
    %flag_get/vec4 4;
    %and;
    %load/vec4 v0000000002717890_0;
    %pushi/vec4 0, 0, 1;
    %cmp/e;
    %flag_get/vec4 4;
    %and;
    %load/vec4 v0000000002715db0_0;
    %parti/s 1, 31, 6;
    %pushi/vec4 0, 0, 1;
    %cmp/e;
    %flag_get/vec4 4;
    %and;
    %or;
    %load/vec4 v0000000002716850_0;
    %parti/s 1, 31, 6;
    %pushi/vec4 0, 0, 1;
    %cmp/e;
    %flag_get/vec4 4;
    %load/vec4 v00000000027165d0_0;
    %parti/s 1, 31, 6;
    %pushi/vec4 0, 0, 1;
    %cmp/e;
    %flag_get/vec4 4;
    %and;
    %load/vec4 v0000000002717890_0;
    %pushi/vec4 0, 0, 1;
    %cmp/e;
    %flag_get/vec4 4;
    %and;
    %load/vec4 v0000000002715db0_0;
    %parti/s 1, 31, 6;
    %pushi/vec4 1, 0, 1;
    %cmp/e;
    %flag_get/vec4 4;
    %and;
    %or;
    %flag_set/vec4 8;
    %jmp/0 T_2.10, 8;
    %pushi/vec4 1, 0, 1;
    %jmp/1 T_2.11, 8;
T_2.10 ; End of true expr.
    %pushi/vec4 0, 0, 1;
    %jmp/0 T_2.11, 8;
 ; End of false expr.
    %blend;
T_2.11;
    %store/vec4 v0000000002717610_0, 0, 1;
    %jmp T_2.5;
T_2.4 ;
    %load/vec4 v00000000027168f0_0;
    %store/vec4 v0000000002716f30_0, 0, 1;
    %load/vec4 v0000000002716850_0;
    %parti/s 1, 31, 6;
    %pushi/vec4 1, 0, 1;
    %cmp/e;
    %flag_get/vec4 4;
    %load/vec4 v00000000027165d0_0;
    %parti/s 1, 31, 6;
    %pushi/vec4 0, 0, 1;
    %cmp/e;
    %flag_get/vec4 4;
    %and;
    %load/vec4 v0000000002717890_0;
    %pushi/vec4 1, 0, 1;
    %cmp/e;
    %flag_get/vec4 4;
    %and;
    %load/vec4 v0000000002715db0_0;
    %parti/s 1, 31, 6;
    %pushi/vec4 0, 0, 1;
    %cmp/e;
    %flag_get/vec4 4;
    %and;
    %load/vec4 v0000000002716850_0;
    %parti/s 1, 31, 6;
    %pushi/vec4 0, 0, 1;
    %cmp/e;
    %flag_get/vec4 4;
    %load/vec4 v00000000027165d0_0;
    %parti/s 1, 31, 6;
    %pushi/vec4 1, 0, 1;
    %cmp/e;
    %flag_get/vec4 4;
    %and;
    %load/vec4 v0000000002717890_0;
    %pushi/vec4 1, 0, 1;
    %cmp/e;
    %flag_get/vec4 4;
    %and;
    %load/vec4 v0000000002715db0_0;
    %parti/s 1, 31, 6;
    %pushi/vec4 1, 0, 1;
    %cmp/e;
    %flag_get/vec4 4;
    %and;
    %or;
    %load/vec4 v0000000002716850_0;
    %parti/s 1, 31, 6;
    %pushi/vec4 1, 0, 1;
    %cmp/e;
    %flag_get/vec4 4;
    %load/vec4 v00000000027165d0_0;
    %parti/s 1, 31, 6;
    %pushi/vec4 1, 0, 1;
    %cmp/e;
    %flag_get/vec4 4;
    %and;
    %load/vec4 v0000000002717890_0;
    %pushi/vec4 0, 0, 1;
    %cmp/e;
    %flag_get/vec4 4;
    %and;
    %load/vec4 v0000000002715db0_0;
    %parti/s 1, 31, 6;
    %pushi/vec4 0, 0, 1;
    %cmp/e;
    %flag_get/vec4 4;
    %and;
    %or;
    %load/vec4 v0000000002716850_0;
    %parti/s 1, 31, 6;
    %pushi/vec4 0, 0, 1;
    %cmp/e;
    %flag_get/vec4 4;
    %load/vec4 v00000000027165d0_0;
    %parti/s 1, 31, 6;
    %pushi/vec4 0, 0, 1;
    %cmp/e;
    %flag_get/vec4 4;
    %and;
    %load/vec4 v0000000002717890_0;
    %pushi/vec4 0, 0, 1;
    %cmp/e;
    %flag_get/vec4 4;
    %and;
    %load/vec4 v0000000002715db0_0;
    %parti/s 1, 31, 6;
    %pushi/vec4 1, 0, 1;
    %cmp/e;
    %flag_get/vec4 4;
    %and;
    %or;
    %flag_set/vec4 8;
    %jmp/0 T_2.12, 8;
    %pushi/vec4 1, 0, 1;
    %jmp/1 T_2.13, 8;
T_2.12 ; End of true expr.
    %pushi/vec4 0, 0, 1;
    %jmp/0 T_2.13, 8;
 ; End of false expr.
    %blend;
T_2.13;
    %store/vec4 v0000000002717610_0, 0, 1;
    %jmp T_2.5;
T_2.5 ;
    %pop/vec4 1;
    %jmp T_2;
    .thread T_2, $push;
    .scope S_00000000026ca500;
T_3 ;
    %wait E_00000000026bbfd0;
    %load/vec4 v0000000002716670_0;
    %dup/vec4;
    %pushi/vec4 0, 0, 4;
    %cmp/u;
    %jmp/1 T_3.0, 6;
    %dup/vec4;
    %pushi/vec4 1, 0, 4;
    %cmp/u;
    %jmp/1 T_3.1, 6;
    %dup/vec4;
    %pushi/vec4 2, 0, 4;
    %cmp/u;
    %jmp/1 T_3.2, 6;
    %dup/vec4;
    %pushi/vec4 3, 0, 4;
    %cmp/u;
    %jmp/1 T_3.3, 6;
    %dup/vec4;
    %pushi/vec4 4, 0, 4;
    %cmp/u;
    %jmp/1 T_3.4, 6;
    %dup/vec4;
    %pushi/vec4 5, 0, 4;
    %cmp/u;
    %jmp/1 T_3.5, 6;
    %dup/vec4;
    %pushi/vec4 6, 0, 4;
    %cmp/u;
    %jmp/1 T_3.6, 6;
    %dup/vec4;
    %pushi/vec4 7, 0, 4;
    %cmp/u;
    %jmp/1 T_3.7, 6;
    %dup/vec4;
    %pushi/vec4 8, 0, 4;
    %cmp/u;
    %jmp/1 T_3.8, 6;
    %dup/vec4;
    %pushi/vec4 9, 0, 4;
    %cmp/u;
    %jmp/1 T_3.9, 6;
    %dup/vec4;
    %pushi/vec4 10, 0, 4;
    %cmp/u;
    %jmp/1 T_3.10, 6;
    %dup/vec4;
    %pushi/vec4 11, 0, 4;
    %cmp/u;
    %jmp/1 T_3.11, 6;
    %dup/vec4;
    %pushi/vec4 12, 0, 4;
    %cmp/u;
    %jmp/1 T_3.12, 6;
    %dup/vec4;
    %pushi/vec4 13, 0, 4;
    %cmp/u;
    %jmp/1 T_3.13, 6;
    %dup/vec4;
    %pushi/vec4 14, 0, 4;
    %cmp/u;
    %jmp/1 T_3.14, 6;
    %dup/vec4;
    %pushi/vec4 15, 0, 4;
    %cmp/u;
    %jmp/1 T_3.15, 6;
    %jmp T_3.16;
T_3.0 ;
    %load/vec4 v0000000002716850_0;
    %parti/s 31, 0, 2;
    %ix/load 4, 1, 0;
    %flag_set/imm 4, 0;
    %store/vec4 v0000000002715db0_0, 4, 31;
    %pushi/vec4 0, 0, 1;
    %ix/load 4, 0, 0;
    %flag_set/imm 4, 0;
    %store/vec4 v0000000002715db0_0, 4, 1;
    %jmp T_3.16;
T_3.1 ;
    %load/vec4 v0000000002716850_0;
    %parti/s 31, 0, 2;
    %ix/load 4, 1, 0;
    %flag_set/imm 4, 0;
    %store/vec4 v0000000002715db0_0, 4, 31;
    %pushi/vec4 0, 0, 1;
    %ix/load 4, 0, 0;
    %flag_set/imm 4, 0;
    %store/vec4 v0000000002715db0_0, 4, 1;
    %jmp T_3.16;
T_3.2 ;
    %load/vec4 v0000000002716850_0;
    %parti/s 31, 1, 2;
    %ix/load 4, 0, 0;
    %flag_set/imm 4, 0;
    %store/vec4 v0000000002715db0_0, 4, 31;
    %pushi/vec4 0, 0, 1;
    %ix/load 4, 31, 0;
    %flag_set/imm 4, 0;
    %store/vec4 v0000000002715db0_0, 4, 1;
    %jmp T_3.16;
T_3.3 ;
    %load/vec4 v0000000002716850_0;
    %parti/s 31, 1, 2;
    %ix/load 4, 0, 0;
    %flag_set/imm 4, 0;
    %store/vec4 v0000000002715db0_0, 4, 31;
    %load/vec4 v0000000002715db0_0;
    %parti/s 1, 30, 6;
    %cmpi/e 1, 0, 1;
    %flag_mov 8, 4;
    %jmp/0 T_3.17, 8;
    %pushi/vec4 1, 0, 1;
    %jmp/1 T_3.18, 8;
T_3.17 ; End of true expr.
    %pushi/vec4 0, 0, 1;
    %jmp/0 T_3.18, 8;
 ; End of false expr.
    %blend;
T_3.18;
    %ix/load 4, 31, 0;
    %flag_set/imm 4, 0;
    %store/vec4 v0000000002715db0_0, 4, 1;
    %jmp T_3.16;
T_3.4 ;
    %load/vec4 v00000000027176b0_0;
    %store/vec4 v0000000002715db0_0, 0, 32;
    %jmp T_3.16;
T_3.5 ;
    %load/vec4 v00000000027176b0_0;
    %store/vec4 v0000000002715db0_0, 0, 32;
    %jmp T_3.16;
T_3.6 ;
    %load/vec4 v00000000027176b0_0;
    %store/vec4 v0000000002715db0_0, 0, 32;
    %jmp T_3.16;
T_3.7 ;
    %load/vec4 v00000000027176b0_0;
    %parti/s 1, 31, 6;
    %cmpi/e 1, 0, 1;
    %flag_mov 8, 4;
    %jmp/0 T_3.19, 8;
    %load/vec4 v00000000027176b0_0;
    %pushi/vec4 4294967295, 0, 32;
    %xor;
    %addi 1, 0, 32;
    %jmp/1 T_3.20, 8;
T_3.19 ; End of true expr.
    %load/vec4 v00000000027176b0_0;
    %jmp/0 T_3.20, 8;
 ; End of false expr.
    %blend;
T_3.20;
    %store/vec4 v0000000002715db0_0, 0, 32;
    %jmp T_3.16;
T_3.8 ;
    %load/vec4 v00000000027167b0_0;
    %load/vec4 v0000000002716b70_0;
    %mul;
    %store/vec4 v0000000002715db0_0, 0, 32;
    %jmp T_3.16;
T_3.9 ;
    %pushi/vec4 0, 0, 32;
    %store/vec4 v0000000002715db0_0, 0, 32;
    %jmp T_3.16;
T_3.10 ;
    %load/vec4 v0000000002716850_0;
    %store/vec4 v0000000002715db0_0, 0, 32;
    %jmp T_3.16;
T_3.11 ;
    %load/vec4 v00000000027165d0_0;
    %store/vec4 v0000000002715db0_0, 0, 32;
    %jmp T_3.16;
T_3.12 ;
    %load/vec4 v0000000002716850_0;
    %load/vec4 v00000000027165d0_0;
    %and;
    %store/vec4 v0000000002715db0_0, 0, 32;
    %jmp T_3.16;
T_3.13 ;
    %load/vec4 v0000000002716850_0;
    %load/vec4 v00000000027165d0_0;
    %or;
    %store/vec4 v0000000002715db0_0, 0, 32;
    %jmp T_3.16;
T_3.14 ;
    %load/vec4 v0000000002716850_0;
    %load/vec4 v00000000027165d0_0;
    %xor;
    %store/vec4 v0000000002715db0_0, 0, 32;
    %jmp T_3.16;
T_3.15 ;
    %load/vec4 v0000000002716850_0;
    %inv;
    %store/vec4 v0000000002715db0_0, 0, 32;
    %jmp T_3.16;
T_3.16 ;
    %pop/vec4 1;
    %jmp T_3;
    .thread T_3, $push;
    .scope S_00000000026ca380;
T_4 ;
    %wait E_00000000026bbdd0;
    %load/vec4 v0000000002719800_0;
    %store/vec4 v0000000002718360_0, 0, 3;
    %load/vec4 v00000000027182c0_0;
    %store/vec4 v0000000002719260_0, 0, 32;
    %load/vec4 v0000000002717fa0_0;
    %store/vec4 v0000000002718c20_0, 0, 32;
    %load/vec4 v0000000002719120_0;
    %store/vec4 v0000000002719300_0, 0, 32;
    %load/vec4 v0000000002718720_0;
    %store/vec4 v0000000002718220_0, 0, 32;
    %load/vec4 v0000000002717930_0;
    %store/vec4 v0000000002718ae0_0, 0, 10;
    %load/vec4 v00000000027179d0_0;
    %store/vec4 v0000000002717c80_0, 0, 32;
    %jmp T_4;
    .thread T_4;
    .scope S_00000000026ca380;
T_5 ;
    %wait E_00000000026bb850;
    %load/vec4 v0000000002718360_0;
    %dup/vec4;
    %pushi/vec4 2, 0, 3;
    %cmp/u;
    %jmp/1 T_5.0, 6;
    %dup/vec4;
    %pushi/vec4 3, 0, 3;
    %cmp/u;
    %jmp/1 T_5.1, 6;
    %dup/vec4;
    %pushi/vec4 4, 0, 3;
    %cmp/u;
    %jmp/1 T_5.2, 6;
    %dup/vec4;
    %pushi/vec4 5, 0, 3;
    %cmp/u;
    %jmp/1 T_5.3, 6;
    %jmp T_5.4;
T_5.0 ;
    %load/vec4 v0000000002719260_0;
    %store/vec4 v0000000002715f90_0, 0, 32;
    %load/vec4 v0000000002716210_0;
    %store/vec4 v0000000002716cb0_0, 0, 32;
    %pushi/vec4 6, 0, 4;
    %store/vec4 v0000000002716fd0_0, 0, 4;
    %jmp T_5.4;
T_5.1 ;
    %load/vec4 v0000000002719300_0;
    %store/vec4 v0000000002715f90_0, 0, 32;
    %load/vec4 v0000000002719300_0;
    %store/vec4 v0000000002716cb0_0, 0, 32;
    %pushi/vec4 8, 0, 4;
    %store/vec4 v0000000002716fd0_0, 0, 4;
    %jmp T_5.4;
T_5.2 ;
    %load/vec4 v0000000002719300_0;
    %store/vec4 v0000000002715f90_0, 0, 32;
    %load/vec4 v0000000002717c80_0;
    %store/vec4 v0000000002716cb0_0, 0, 32;
    %pushi/vec4 4, 0, 4;
    %store/vec4 v0000000002716fd0_0, 0, 4;
    %jmp T_5.4;
T_5.3 ;
    %load/vec4 v0000000002717c80_0;
    %store/vec4 v0000000002715f90_0, 0, 32;
    %pushi/vec4 3, 0, 4;
    %store/vec4 v0000000002716fd0_0, 0, 4;
    %jmp T_5.4;
T_5.4 ;
    %pop/vec4 1;
    %jmp T_5;
    .thread T_5, $push;
    .scope S_00000000026ca380;
T_6 ;
    %wait E_00000000026bbf90;
    %load/vec4 v0000000002718cc0_0;
    %nor/r;
    %flag_set/vec4 8;
    %jmp/0xz  T_6.0, 8;
    %pushi/vec4 0, 0, 3;
    %store/vec4 v0000000002719800_0, 0, 3;
    %pushi/vec4 1, 0, 1;
    %store/vec4 v00000000027162b0_0, 0, 1;
    %pushi/vec4 0, 0, 1;
    %store/vec4 v0000000002717110_0, 0, 1;
    %pushi/vec4 0, 0, 32;
    %store/vec4 v00000000027179d0_0, 0, 32;
T_6.0 ;
    %jmp T_6;
    .thread T_6;
    .scope S_00000000026ca380;
T_7 ;
    %wait E_00000000026bbf90;
    %load/vec4 v0000000002718360_0;
    %dup/vec4;
    %pushi/vec4 0, 0, 3;
    %cmp/u;
    %jmp/1 T_7.0, 6;
    %dup/vec4;
    %pushi/vec4 1, 0, 3;
    %cmp/u;
    %jmp/1 T_7.1, 6;
    %dup/vec4;
    %pushi/vec4 2, 0, 3;
    %cmp/u;
    %jmp/1 T_7.2, 6;
    %dup/vec4;
    %pushi/vec4 3, 0, 3;
    %cmp/u;
    %jmp/1 T_7.3, 6;
    %dup/vec4;
    %pushi/vec4 4, 0, 3;
    %cmp/u;
    %jmp/1 T_7.4, 6;
    %dup/vec4;
    %pushi/vec4 5, 0, 3;
    %cmp/u;
    %jmp/1 T_7.5, 6;
    %jmp T_7.6;
T_7.0 ;
    %pushi/vec4 1023, 0, 10;
    %store/vec4 v0000000002717930_0, 0, 10;
    %load/vec4 v0000000002717a70_0;
    %flag_set/vec4 8;
    %jmp/0xz  T_7.7, 8;
    %load/vec4 v0000000002716210_0;
    %store/vec4 v0000000002718720_0, 0, 32;
    %pushi/vec4 0, 0, 10;
    %store/vec4 v0000000002717930_0, 0, 10;
    %pushi/vec4 1, 0, 3;
    %store/vec4 v0000000002719800_0, 0, 3;
    %jmp T_7.8;
T_7.7 ;
    %pushi/vec4 0, 0, 3;
    %store/vec4 v0000000002719800_0, 0, 3;
T_7.8 ;
    %jmp T_7.6;
T_7.1 ;
    %load/vec4 v0000000002716210_0;
    %store/vec4 v00000000027182c0_0, 0, 32;
    %load/vec4 v0000000002718ae0_0;
    %addi 1, 0, 10;
    %store/vec4 v0000000002717930_0, 0, 10;
    %load/vec4 v0000000002718220_0;
    %subi 1, 0, 32;
    %store/vec4 v0000000002718720_0, 0, 32;
    %pushi/vec4 2, 0, 3;
    %store/vec4 v0000000002719800_0, 0, 3;
    %jmp T_7.6;
T_7.2 ;
    %load/vec4 v0000000002716030_0;
    %store/vec4 v0000000002719120_0, 0, 32;
    %pushi/vec4 3, 0, 3;
    %store/vec4 v0000000002719800_0, 0, 3;
    %jmp T_7.6;
T_7.3 ;
    %load/vec4 v0000000002716210_0;
    %store/vec4 v00000000027182c0_0, 0, 32;
    %load/vec4 v0000000002718220_0;
    %subi 1, 0, 32;
    %store/vec4 v0000000002718720_0, 0, 32;
    %load/vec4 v0000000002718ae0_0;
    %addi 1, 0, 10;
    %store/vec4 v0000000002717930_0, 0, 10;
    %load/vec4 v0000000002716030_0;
    %store/vec4 v0000000002719120_0, 0, 32;
    %pushi/vec4 4, 0, 3;
    %store/vec4 v0000000002719800_0, 0, 3;
    %jmp T_7.6;
T_7.4 ;
    %load/vec4 v0000000002718220_0;
    %cmpi/e 0, 0, 32;
    %jmp/0xz  T_7.9, 4;
    %pushi/vec4 5, 0, 3;
    %store/vec4 v0000000002719800_0, 0, 3;
    %jmp T_7.10;
T_7.9 ;
    %load/vec4 v0000000002716210_0;
    %store/vec4 v00000000027182c0_0, 0, 32;
    %load/vec4 v0000000002718ae0_0;
    %addi 1, 0, 10;
    %store/vec4 v0000000002717930_0, 0, 10;
    %load/vec4 v0000000002718220_0;
    %subi 1, 0, 32;
    %store/vec4 v0000000002718720_0, 0, 32;
    %pushi/vec4 2, 0, 3;
    %store/vec4 v0000000002719800_0, 0, 3;
T_7.10 ;
    %load/vec4 v0000000002716030_0;
    %store/vec4 v00000000027179d0_0, 0, 32;
    %jmp T_7.6;
T_7.5 ;
    %pushi/vec4 0, 0, 1;
    %store/vec4 v00000000027162b0_0, 0, 1;
    %pushi/vec4 1, 0, 1;
    %store/vec4 v0000000002717110_0, 0, 1;
    %load/vec4 v0000000002716030_0;
    %store/vec4 v00000000027179d0_0, 0, 32;
    %jmp T_7.6;
T_7.6 ;
    %pop/vec4 1;
    %jmp T_7;
    .thread T_7;
    .scope S_00000000026c77c0;
T_8 ;
    %delay 120, 0;
    %load/vec4 v00000000027196c0_0;
    %inv;
    %store/vec4 v00000000027196c0_0, 0, 1;
    %jmp T_8;
    .thread T_8;
    .scope S_00000000026c77c0;
T_9 ;
    %vpi_call 4 44 "$dumpfile", "Cost.vcd" {0 0 0};
    %vpi_call 4 46 "$dumpvars" {0 0 0};
    %end;
    .thread T_9;
    .scope S_00000000026c77c0;
T_10 ;
    %vpi_call 4 53 "$readmemb", "info_bonus.dat", v0000000002718b80 {0 0 0};
    %pushi/vec4 1023, 0, 10;
    %store/vec4 v0000000002718d60_0, 0, 10;
    %pushi/vec4 1, 0, 1;
    %store/vec4 v00000000027187c0_0, 0, 1;
    %pushi/vec4 0, 0, 1;
    %store/vec4 v00000000027196c0_0, 0, 1;
    %pushi/vec4 0, 0, 1;
    %store/vec4 v0000000002719440_0, 0, 1;
    %pushi/vec4 0, 4294967295, 32;
    %store/vec4 v00000000027184a0_0, 0, 32;
    %wait E_00000000026bbdd0;
    %pushi/vec4 0, 0, 1;
    %store/vec4 v00000000027187c0_0, 0, 1;
    %delay 480, 0;
    %pushi/vec4 1, 0, 1;
    %store/vec4 v00000000027187c0_0, 0, 1;
    %wait E_00000000026bbdd0;
    %pushi/vec4 1, 0, 1;
    %store/vec4 v0000000002719440_0, 0, 1;
T_10.0 ;
    %load/vec4 v0000000002718e00_0;
    %pad/u 32;
    %cmpi/e 0, 0, 32;
    %jmp/0xz T_10.1, 4;
    %load/vec4 v0000000002719620_0;
    %load/vec4 v00000000027193a0_0;
    %load/vec4 v0000000002718d60_0;
    %cmp/u;
    %flag_get/vec4 4;
    %flag_get/vec4 5;
    %or;
    %and;
    %flag_set/vec4 8;
    %jmp/0xz  T_10.2, 8;
    %load/vec4 v00000000027193a0_0;
    %pad/u 12;
    %ix/vec4 4;
    %load/vec4a v0000000002718b80, 4;
    %store/vec4 v00000000027184a0_0, 0, 32;
    %jmp T_10.3;
T_10.2 ;
    %pushi/vec4 0, 4294967295, 32;
    %store/vec4 v00000000027184a0_0, 0, 32;
T_10.3 ;
    %wait E_00000000026bbdd0;
    %jmp T_10.0;
T_10.1 ;
    %vpi_call 4 77 "$display", " " {0 0 0};
    %load/vec4 v0000000002718540_0;
    %ix/load 4, 1024, 0;
    %flag_set/imm 4, 0;
    %load/vec4a v0000000002718b80, 4;
    %cmp/e;
    %jmp/0xz  T_10.4, 4;
    %vpi_call 4 79 "$display", "Congratulations !! :)" {0 0 0};
    %vpi_call 4 80 "$display", " " {0 0 0};
    %vpi_call 4 81 "$finish" {0 0 0};
T_10.4 ;
    %vpi_call 4 85 "$display", "Wrong Answer !! :(" {0 0 0};
    %load/vec4 v0000000002718540_0;
    %ix/load 4, 1024, 0;
    %flag_set/imm 4, 0;
    %load/vec4a v0000000002718b80, 4;
    %vpi_call 4 86 "$display", "Result = %d, Answer = %d", S<1,vec4,s32>, S<0,vec4,s32> {2 0 0};
    %vpi_call 4 87 "$display", " " {0 0 0};
    %vpi_call 4 88 "$finish" {0 0 0};
    %end;
    .thread T_10;
    .scope S_00000000026c77c0;
T_11 ;
    %delay 1410065408, 2;
    %vpi_call 4 93 "$display", "-----------------------------------------------------\012" {0 0 0};
    %vpi_call 4 94 "$display", "Error!!! Somethings' wrong with your code ...!\012" {0 0 0};
    %vpi_call 4 95 "$display", "-------------------------FAIL------------------------\012" {0 0 0};
    %vpi_call 4 96 "$display", "-----------------------------------------------------\012" {0 0 0};
    %vpi_call 4 97 "$finish" {0 0 0};
    %end;
    .thread T_11;
# The file index is used to find the file name in the following table.
:file_names 5;
    "N/A";
    "<interactive>";
    "Cost.v";
    "ALU.v";
    "Cost_tb.v";
